2018-07-12 14:01:32.219  INFO 9496 --- [main] com.yaz.KampanyaServiceApplication       : No active profile set, falling back to default profiles: default
2018-07-12 14:01:32.231  INFO 9496 --- [main] ConfigServletWebServerApplicationContext : Refreshing org.springframework.boot.web.servlet.context.AnnotationConfigServletWebServerApplicationContext@1b45c0e: startup date [Thu Jul 12 14:01:32 EET 2018]; parent: org.springframework.context.annotation.AnnotationConfigApplicationContext@34123d65
2018-07-12 14:01:32.972  INFO 9496 --- [main] o.s.cloud.context.scope.GenericScope     : BeanFactory id=e70d7347-5da1-394f-8682-bd09ca002606
2018-07-12 14:01:32.985  INFO 9496 --- [main] f.a.AutowiredAnnotationBeanPostProcessor : JSR-330 'javax.inject.Inject' annotation found and supported for autowiring
2018-07-12 14:01:33.039  INFO 9496 --- [main] trationDelegate$BeanPostProcessorChecker : Bean 'org.springframework.cloud.autoconfigure.ConfigurationPropertiesRebinderAutoConfiguration' of type [org.springframework.cloud.autoconfigure.ConfigurationPropertiesRebinderAutoConfiguration$$EnhancerBySpringCGLIB$$5d4213f9] is not eligible for getting processed by all BeanPostProcessors (for example: not eligible for auto-proxying)
2018-07-12 14:01:33.227  INFO 9496 --- [main] o.s.b.w.embedded.tomcat.TomcatWebServer  : Tomcat initialized with port(s): 8097 (http)
2018-07-12 14:01:33.243  INFO 9496 --- [main] o.apache.catalina.core.StandardService   : Starting service [Tomcat]
2018-07-12 14:01:33.243  INFO 9496 --- [main] org.apache.catalina.core.StandardEngine  : Starting Servlet Engine: Apache Tomcat/8.5.31
2018-07-12 14:01:33.248  INFO 9496 --- [localhost-startStop-1] o.a.catalina.core.AprLifecycleListener   : The APR based Apache Tomcat Native library which allows optimal performance in production environments was not found on the java.library.path: [C:\Program Files\Java\jre1.8.0_171\bin;C:\WINDOWS\Sun\Java\bin;C:\WINDOWS\system32;C:\WINDOWS;C:/Program Files/Java/jre1.8.0_171/bin/server;C:/Program Files/Java/jre1.8.0_171/bin;C:/Program Files/Java/jre1.8.0_171/lib/amd64;C:\Program Files\Docker\Docker\Resources\bin;C:\Program Files (x86)\Common Files\Oracle\Java\javapath;C:\ProgramData\Oracle\Java\javapath;C:\Windows\system32;C:\Windows;C:\Windows\System32\Wbem;C:\Windows\System32\WindowsPowerShell\v1.0\;C:\Program Files (x86)\NVIDIA Corporation\PhysX\Common;C:\Program Files (x86)\Windows Kits\10\Windows Performance Toolkit\;C:\WINDOWS\system32;C:\WINDOWS;C:\WINDOWS\System32\Wbem;C:\WINDOWS\System32\WindowsPowerShell\v1.0\;D:\Code_Blocks\GCC\bin;D:\Downloads\Setups\Putty\;D:\Matlab\bin;C:\WINDOWS\System32\OpenSSH\;C:\ProgramData\chocolatey\bin;C:\Program Files (x86)\MySQL\MySQL Utilities 1.6\;D:\Program Files\Git\cmd;C:\Users\Alptekin\AppData\Local\Microsoft\WindowsApps;;D:\Program Files\Microsoft VS Code\bin;D:\Programs\SPRIN TOOL SUITE(STS)\sts-bundle\sts-3.9.4.RELEASE;;.]
2018-07-12 14:01:33.370  INFO 9496 --- [localhost-startStop-1] o.a.c.c.C.[Tomcat].[localhost].[/]       : Initializing Spring embedded WebApplicationContext
2018-07-12 14:01:33.370  INFO 9496 --- [localhost-startStop-1] o.s.web.context.ContextLoader            : Root WebApplicationContext: initialization completed in 1139 ms
2018-07-12 14:01:33.563  WARN 9496 --- [localhost-startStop-1] c.n.c.sources.URLConfigurationSource     : No URLs will be polled as dynamic configuration sources.
2018-07-12 14:01:33.564  INFO 9496 --- [localhost-startStop-1] c.n.c.sources.URLConfigurationSource     : To enable URLs as dynamic configuration sources, define System property archaius.configurationSource.additionalUrls or make config.properties available on classpath.
2018-07-12 14:01:33.572  INFO 9496 --- [localhost-startStop-1] c.netflix.config.DynamicPropertyFactory  : DynamicPropertyFactory is initialized with configuration sources: com.netflix.config.ConcurrentCompositeConfiguration@755d380
2018-07-12 14:01:35.133  INFO 9496 --- [localhost-startStop-1] o.s.cloud.commons.util.InetUtils         : Cannot determine local hostname
2018-07-12 14:01:36.507  INFO 9496 --- [localhost-startStop-1] o.s.cloud.commons.util.InetUtils         : Cannot determine local hostname
2018-07-12 14:01:36.821  INFO 9496 --- [localhost-startStop-1] o.s.b.w.servlet.ServletRegistrationBean  : Servlet dispatcherServlet mapped to [/]
2018-07-12 14:01:36.823  INFO 9496 --- [localhost-startStop-1] o.s.b.w.servlet.ServletRegistrationBean  : Servlet webServlet mapped to [/h2-console/*]
2018-07-12 14:01:36.825  INFO 9496 --- [localhost-startStop-1] o.s.b.w.servlet.FilterRegistrationBean   : Mapping filter: 'characterEncodingFilter' to: [/*]
2018-07-12 14:01:36.825  INFO 9496 --- [localhost-startStop-1] o.s.b.w.servlet.FilterRegistrationBean   : Mapping filter: 'hiddenHttpMethodFilter' to: [/*]
2018-07-12 14:01:36.826  INFO 9496 --- [localhost-startStop-1] o.s.b.w.servlet.FilterRegistrationBean   : Mapping filter: 'httpPutFormContentFilter' to: [/*]
2018-07-12 14:01:36.826  INFO 9496 --- [localhost-startStop-1] o.s.b.w.servlet.FilterRegistrationBean   : Mapping filter: 'requestContextFilter' to: [/*]
2018-07-12 14:01:36.826  INFO 9496 --- [localhost-startStop-1] o.s.b.w.servlet.FilterRegistrationBean   : Mapping filter: 'httpTraceFilter' to: [/*]
2018-07-12 14:01:36.826  INFO 9496 --- [localhost-startStop-1] o.s.b.w.servlet.FilterRegistrationBean   : Mapping filter: 'webMvcMetricsFilter' to: [/*]
2018-07-12 14:01:36.875  WARN 9496 --- [main] c.n.c.sources.URLConfigurationSource     : No URLs will be polled as dynamic configuration sources.
2018-07-12 14:01:36.876  INFO 9496 --- [main] c.n.c.sources.URLConfigurationSource     : To enable URLs as dynamic configuration sources, define System property archaius.configurationSource.additionalUrls or make config.properties available on classpath.
2018-07-12 14:01:37.033  INFO 9496 --- [main] o.s.w.s.handler.SimpleUrlHandlerMapping  : Mapped URL path [/**/favicon.ico] onto handler of type [class org.springframework.web.servlet.resource.ResourceHttpRequestHandler]
2018-07-12 14:01:37.236  INFO 9496 --- [main] s.w.s.m.m.a.RequestMappingHandlerAdapter : Looking for @ControllerAdvice: org.springframework.boot.web.servlet.context.AnnotationConfigServletWebServerApplicationContext@1b45c0e: startup date [Thu Jul 12 14:01:32 EET 2018]; parent: org.springframework.context.annotation.AnnotationConfigApplicationContext@34123d65
2018-07-12 14:01:37.290  INFO 9496 --- [main] s.w.s.m.m.a.RequestMappingHandlerMapping : Mapped "{[/api/kampanyalar],methods=[GET]}" onto public java.lang.Iterable<com.yaz.Kampanya> com.yaz.KampanyaRestController.getKampanyalar()
2018-07-12 14:01:37.292  INFO 9496 --- [main] s.w.s.m.m.a.RequestMappingHandlerMapping : Mapped "{[/api/kampanyalar],methods=[POST]}" onto public com.yaz.Kampanya com.yaz.KampanyaRestController.addKampanya(com.yaz.Kampanya)
2018-07-12 14:01:37.293  INFO 9496 --- [main] s.w.s.m.m.a.RequestMappingHandlerMapping : Mapped "{[/api/kampanyalar],methods=[PUT]}" onto public com.yaz.Kampanya com.yaz.KampanyaRestController.updateKampanya(com.yaz.Kampanya)
2018-07-12 14:01:37.293  INFO 9496 --- [main] s.w.s.m.m.a.RequestMappingHandlerMapping : Mapped "{[/api/kampanyalar/{kampanyaId}],methods=[DELETE]}" onto public java.lang.String com.yaz.KampanyaRestController.deleteKampanya(int)
2018-07-12 14:01:37.295  INFO 9496 --- [main] s.w.s.m.m.a.RequestMappingHandlerMapping : Mapped "{[/error]}" onto public org.springframework.http.ResponseEntity<java.util.Map<java.lang.String, java.lang.Object>> org.springframework.boot.autoconfigure.web.servlet.error.BasicErrorController.error(javax.servlet.http.HttpServletRequest)
2018-07-12 14:01:37.296  INFO 9496 --- [main] s.w.s.m.m.a.RequestMappingHandlerMapping : Mapped "{[/error],produces=[text/html]}" onto public org.springframework.web.servlet.ModelAndView org.springframework.boot.autoconfigure.web.servlet.error.BasicErrorController.errorHtml(javax.servlet.http.HttpServletRequest,javax.servlet.http.HttpServletResponse)
2018-07-12 14:01:37.320  INFO 9496 --- [main] o.s.w.s.handler.SimpleUrlHandlerMapping  : Mapped URL path [/webjars/**] onto handler of type [class org.springframework.web.servlet.resource.ResourceHttpRequestHandler]
2018-07-12 14:01:37.321  INFO 9496 --- [main] o.s.w.s.handler.SimpleUrlHandlerMapping  : Mapped URL path [/**] onto handler of type [class org.springframework.web.servlet.resource.ResourceHttpRequestHandler]
2018-07-12 14:01:37.337  INFO 9496 --- [main] .m.m.a.ExceptionHandlerExceptionResolver : Detected @ExceptionHandler methods in kampanyaRestExceptionHandler
2018-07-12 14:01:37.371  WARN 9496 --- [main] ion$DefaultTemplateResolverConfiguration : Cannot find template location: classpath:/templates/ (please add some templates or check your Thymeleaf configuration)
2018-07-12 14:01:37.786  WARN 9496 --- [main] arterDeprecationWarningAutoConfiguration : spring-cloud-starter-eureka is deprecated as of Spring Cloud Netflix 1.4.0, please migrate to spring-cloud-starter-netflix-eureka
2018-07-12 14:01:37.796  INFO 9496 --- [main] o.s.b.a.e.web.EndpointLinksResolver      : Exposing 2 endpoint(s) beneath base path '/actuator'
2018-07-12 14:01:37.807  INFO 9496 --- [main] s.b.a.e.w.s.WebMvcEndpointHandlerMapping : Mapped "{[/actuator/health],methods=[GET],produces=[application/vnd.spring-boot.actuator.v2+json || application/json]}" onto public java.lang.Object org.springframework.boot.actuate.endpoint.web.servlet.AbstractWebMvcEndpointHandlerMapping$OperationHandler.handle(javax.servlet.http.HttpServletRequest,java.util.Map<java.lang.String, java.lang.String>)
2018-07-12 14:01:37.808  INFO 9496 --- [main] s.b.a.e.w.s.WebMvcEndpointHandlerMapping : Mapped "{[/actuator/info],methods=[GET],produces=[application/vnd.spring-boot.actuator.v2+json || application/json]}" onto public java.lang.Object org.springframework.boot.actuate.endpoint.web.servlet.AbstractWebMvcEndpointHandlerMapping$OperationHandler.handle(javax.servlet.http.HttpServletRequest,java.util.Map<java.lang.String, java.lang.String>)
2018-07-12 14:01:37.809  INFO 9496 --- [main] s.b.a.e.w.s.WebMvcEndpointHandlerMapping : Mapped "{[/actuator],methods=[GET],produces=[application/vnd.spring-boot.actuator.v2+json || application/json]}" onto protected java.util.Map<java.lang.String, java.util.Map<java.lang.String, org.springframework.boot.actuate.endpoint.web.Link>> org.springframework.boot.actuate.endpoint.web.servlet.WebMvcEndpointHandlerMapping.links(javax.servlet.http.HttpServletRequest,javax.servlet.http.HttpServletResponse)
2018-07-12 14:01:37.855  INFO 9496 --- [main] o.s.j.e.a.AnnotationMBeanExporter        : Registering beans for JMX exposure on startup
2018-07-12 14:01:37.862  INFO 9496 --- [main] o.s.j.e.a.AnnotationMBeanExporter        : Bean with name 'environmentManager' has been autodetected for JMX exposure
2018-07-12 14:01:37.863  INFO 9496 --- [main] o.s.j.e.a.AnnotationMBeanExporter        : Bean with name 'refreshScope' has been autodetected for JMX exposure
2018-07-12 14:01:37.863  INFO 9496 --- [main] o.s.j.e.a.AnnotationMBeanExporter        : Bean with name 'configurationPropertiesRebinder' has been autodetected for JMX exposure
2018-07-12 14:01:37.866  INFO 9496 --- [main] o.s.j.e.a.AnnotationMBeanExporter        : Located managed bean 'environmentManager': registering with JMX server as MBean [org.springframework.cloud.context.environment:name=environmentManager,type=EnvironmentManager]
2018-07-12 14:01:37.873  INFO 9496 --- [main] o.s.j.e.a.AnnotationMBeanExporter        : Located managed bean 'refreshScope': registering with JMX server as MBean [org.springframework.cloud.context.scope.refresh:name=refreshScope,type=RefreshScope]
2018-07-12 14:01:37.880  INFO 9496 --- [main] o.s.j.e.a.AnnotationMBeanExporter        : Located managed bean 'configurationPropertiesRebinder': registering with JMX server as MBean [org.springframework.cloud.context.properties:name=configurationPropertiesRebinder,context=1b45c0e,type=ConfigurationPropertiesRebinder]
2018-07-12 14:01:37.887  INFO 9496 --- [main] o.s.c.support.DefaultLifecycleProcessor  : Starting beans in phase 0
2018-07-12 14:01:37.894  INFO 9496 --- [main] o.s.c.n.eureka.InstanceInfoFactory       : Setting initial instance status as: STARTING
2018-07-12 14:01:37.942  INFO 9496 --- [main] com.netflix.discovery.DiscoveryClient    : Initializing Eureka in region us-east-1
2018-07-12 14:01:38.280  INFO 9496 --- [main] c.n.d.provider.DiscoveryJerseyProvider   : Using JSON encoding codec LegacyJacksonJson
2018-07-12 14:01:38.280  INFO 9496 --- [main] c.n.d.provider.DiscoveryJerseyProvider   : Using JSON decoding codec LegacyJacksonJson
2018-07-12 14:01:38.404  INFO 9496 --- [main] c.n.d.provider.DiscoveryJerseyProvider   : Using XML encoding codec XStreamXml
2018-07-12 14:01:38.404  INFO 9496 --- [main] c.n.d.provider.DiscoveryJerseyProvider   : Using XML decoding codec XStreamXml
2018-07-12 14:01:38.545  INFO 9496 --- [main] c.n.d.s.r.aws.ConfigClusterResolver      : Resolving eureka endpoints via configuration
2018-07-12 14:01:38.722  INFO 9496 --- [main] com.netflix.discovery.DiscoveryClient    : Disable delta property : false
2018-07-12 14:01:38.722  INFO 9496 --- [main] com.netflix.discovery.DiscoveryClient    : Single vip registry refresh property : null
2018-07-12 14:01:38.722  INFO 9496 --- [main] com.netflix.discovery.DiscoveryClient    : Force full registry fetch : false
2018-07-12 14:01:38.722  INFO 9496 --- [main] com.netflix.discovery.DiscoveryClient    : Application is null : false
2018-07-12 14:01:38.722  INFO 9496 --- [main] com.netflix.discovery.DiscoveryClient    : Registered Applications size is zero : true
2018-07-12 14:01:38.722  INFO 9496 --- [main] com.netflix.discovery.DiscoveryClient    : Application version is -1: true
2018-07-12 14:01:38.723  INFO 9496 --- [main] com.netflix.discovery.DiscoveryClient    : Getting all instance registry info from the eureka server
2018-07-12 14:01:38.992  WARN 9496 --- [main] c.n.d.s.t.d.RetryableEurekaHttpClient    : Request execution failure with status code 404; retrying on another server if available
2018-07-12 14:01:38.997 ERROR 9496 --- [main] com.netflix.discovery.DiscoveryClient    : DiscoveryClient_KAMPANYALAR-SERVICE/localhost:kampanyalar-service:8097 - was unable to refresh its cache! status = Cannot execute request on any known server

com.netflix.discovery.shared.transport.TransportException: Cannot execute request on any known server
	at com.netflix.discovery.shared.transport.decorator.RetryableEurekaHttpClient.execute(RetryableEurekaHttpClient.java:112) ~[eureka-client-1.9.2.jar:1.9.2]
	at com.netflix.discovery.shared.transport.decorator.EurekaHttpClientDecorator.getApplications(EurekaHttpClientDecorator.java:134) ~[eureka-client-1.9.2.jar:1.9.2]
	at com.netflix.discovery.shared.transport.decorator.EurekaHttpClientDecorator$6.execute(EurekaHttpClientDecorator.java:137) ~[eureka-client-1.9.2.jar:1.9.2]
	at com.netflix.discovery.shared.transport.decorator.SessionedEurekaHttpClient.execute(SessionedEurekaHttpClient.java:77) ~[eureka-client-1.9.2.jar:1.9.2]
	at com.netflix.discovery.shared.transport.decorator.EurekaHttpClientDecorator.getApplications(EurekaHttpClientDecorator.java:134) ~[eureka-client-1.9.2.jar:1.9.2]
	at com.netflix.discovery.DiscoveryClient.getAndStoreFullRegistry(DiscoveryClient.java:1051) [eureka-client-1.9.2.jar:1.9.2]
	at com.netflix.discovery.DiscoveryClient.fetchRegistry(DiscoveryClient.java:965) [eureka-client-1.9.2.jar:1.9.2]
	at com.netflix.discovery.DiscoveryClient.<init>(DiscoveryClient.java:414) [eureka-client-1.9.2.jar:1.9.2]
	at com.netflix.discovery.DiscoveryClient.<init>(DiscoveryClient.java:269) [eureka-client-1.9.2.jar:1.9.2]
	at org.springframework.cloud.netflix.eureka.CloudEurekaClient.<init>(CloudEurekaClient.java:63) [spring-cloud-netflix-eureka-client-2.0.0.RELEASE.jar:2.0.0.RELEASE]
	at org.springframework.cloud.netflix.eureka.EurekaClientAutoConfiguration$RefreshableEurekaClientConfiguration.eurekaClient(EurekaClientAutoConfiguration.java:269) [spring-cloud-netflix-eureka-client-2.0.0.RELEASE.jar:2.0.0.RELEASE]
	at org.springframework.cloud.netflix.eureka.EurekaClientAutoConfiguration$RefreshableEurekaClientConfiguration$$EnhancerBySpringCGLIB$$64ab0d18.CGLIB$eurekaClient$1(<generated>) [spring-cloud-netflix-eureka-client-2.0.0.RELEASE.jar:2.0.0.RELEASE]
	at org.springframework.cloud.netflix.eureka.EurekaClientAutoConfiguration$RefreshableEurekaClientConfiguration$$EnhancerBySpringCGLIB$$64ab0d18$$FastClassBySpringCGLIB$$dde33d7c.invoke(<generated>) [spring-cloud-netflix-eureka-client-2.0.0.RELEASE.jar:2.0.0.RELEASE]
	at org.springframework.cglib.proxy.MethodProxy.invokeSuper(MethodProxy.java:228) [spring-core-5.0.7.RELEASE.jar:5.0.7.RELEASE]
	at org.springframework.context.annotation.ConfigurationClassEnhancer$BeanMethodInterceptor.intercept(ConfigurationClassEnhancer.java:361) [spring-context-5.0.7.RELEASE.jar:5.0.7.RELEASE]
	at org.springframework.cloud.netflix.eureka.EurekaClientAutoConfiguration$RefreshableEurekaClientConfiguration$$EnhancerBySpringCGLIB$$64ab0d18.eurekaClient(<generated>) [spring-cloud-netflix-eureka-client-2.0.0.RELEASE.jar:2.0.0.RELEASE]
	at sun.reflect.NativeMethodAccessorImpl.invoke0(Native Method) ~[na:1.8.0_171]
	at sun.reflect.NativeMethodAccessorImpl.invoke(Unknown Source) ~[na:1.8.0_171]
	at sun.reflect.DelegatingMethodAccessorImpl.invoke(Unknown Source) ~[na:1.8.0_171]
	at java.lang.reflect.Method.invoke(Unknown Source) ~[na:1.8.0_171]
	at org.springframework.beans.factory.support.SimpleInstantiationStrategy.instantiate(SimpleInstantiationStrategy.java:154) [spring-beans-5.0.7.RELEASE.jar:5.0.7.RELEASE]
	at org.springframework.beans.factory.support.ConstructorResolver.instantiateUsingFactoryMethod(ConstructorResolver.java:582) [spring-beans-5.0.7.RELEASE.jar:5.0.7.RELEASE]
	at org.springframework.beans.factory.support.AbstractAutowireCapableBeanFactory.instantiateUsingFactoryMethod(AbstractAutowireCapableBeanFactory.java:1256) [spring-beans-5.0.7.RELEASE.jar:5.0.7.RELEASE]
	at org.springframework.beans.factory.support.AbstractAutowireCapableBeanFactory.createBeanInstance(AbstractAutowireCapableBeanFactory.java:1105) [spring-beans-5.0.7.RELEASE.jar:5.0.7.RELEASE]
	at org.springframework.beans.factory.support.AbstractAutowireCapableBeanFactory.doCreateBean(AbstractAutowireCapableBeanFactory.java:543) [spring-beans-5.0.7.RELEASE.jar:5.0.7.RELEASE]
	at org.springframework.beans.factory.support.AbstractAutowireCapableBeanFactory.createBean(AbstractAutowireCapableBeanFactory.java:503) [spring-beans-5.0.7.RELEASE.jar:5.0.7.RELEASE]
	at org.springframework.beans.factory.support.AbstractBeanFactory.lambda$doGetBean$1(AbstractBeanFactory.java:353) [spring-beans-5.0.7.RELEASE.jar:5.0.7.RELEASE]
	at org.springframework.cloud.context.scope.GenericScope$BeanLifecycleWrapper.getBean(GenericScope.java:390) ~[spring-cloud-context-2.0.0.RELEASE.jar:2.0.0.RELEASE]
	at org.springframework.cloud.context.scope.GenericScope.get(GenericScope.java:184) ~[spring-cloud-context-2.0.0.RELEASE.jar:2.0.0.RELEASE]
	at org.springframework.beans.factory.support.AbstractBeanFactory.doGetBean(AbstractBeanFactory.java:350) [spring-beans-5.0.7.RELEASE.jar:5.0.7.RELEASE]
	at org.springframework.beans.factory.support.AbstractBeanFactory.getBean(AbstractBeanFactory.java:199) [spring-beans-5.0.7.RELEASE.jar:5.0.7.RELEASE]
	at org.springframework.aop.target.SimpleBeanTargetSource.getTarget(SimpleBeanTargetSource.java:35) ~[spring-aop-5.0.7.RELEASE.jar:5.0.7.RELEASE]
	at org.springframework.cloud.netflix.eureka.serviceregistry.EurekaRegistration.getTargetObject(EurekaRegistration.java:167) ~[spring-cloud-netflix-eureka-client-2.0.0.RELEASE.jar:2.0.0.RELEASE]
	at org.springframework.cloud.netflix.eureka.serviceregistry.EurekaRegistration.getEurekaClient(EurekaRegistration.java:156) ~[spring-cloud-netflix-eureka-client-2.0.0.RELEASE.jar:2.0.0.RELEASE]
	at org.springframework.cloud.netflix.eureka.serviceregistry.EurekaServiceRegistry.maybeInitializeClient(EurekaServiceRegistry.java:57) ~[spring-cloud-netflix-eureka-client-2.0.0.RELEASE.jar:2.0.0.RELEASE]
	at org.springframework.cloud.netflix.eureka.serviceregistry.EurekaServiceRegistry.register(EurekaServiceRegistry.java:39) ~[spring-cloud-netflix-eureka-client-2.0.0.RELEASE.jar:2.0.0.RELEASE]
	at org.springframework.cloud.netflix.eureka.serviceregistry.EurekaAutoServiceRegistration.start(EurekaAutoServiceRegistration.java:80) ~[spring-cloud-netflix-eureka-client-2.0.0.RELEASE.jar:2.0.0.RELEASE]
	at org.springframework.context.support.DefaultLifecycleProcessor.doStart(DefaultLifecycleProcessor.java:181) ~[spring-context-5.0.7.RELEASE.jar:5.0.7.RELEASE]
	at org.springframework.context.support.DefaultLifecycleProcessor.access$200(DefaultLifecycleProcessor.java:52) ~[spring-context-5.0.7.RELEASE.jar:5.0.7.RELEASE]
	at org.springframework.context.support.DefaultLifecycleProcessor$LifecycleGroup.start(DefaultLifecycleProcessor.java:356) ~[spring-context-5.0.7.RELEASE.jar:5.0.7.RELEASE]
	at org.springframework.context.support.DefaultLifecycleProcessor.startBeans(DefaultLifecycleProcessor.java:157) ~[spring-context-5.0.7.RELEASE.jar:5.0.7.RELEASE]
	at org.springframework.context.support.DefaultLifecycleProcessor.onRefresh(DefaultLifecycleProcessor.java:121) ~[spring-context-5.0.7.RELEASE.jar:5.0.7.RELEASE]
	at org.springframework.context.support.AbstractApplicationContext.finishRefresh(AbstractApplicationContext.java:885) ~[spring-context-5.0.7.RELEASE.jar:5.0.7.RELEASE]
	at org.springframework.boot.web.servlet.context.ServletWebServerApplicationContext.finishRefresh(ServletWebServerApplicationContext.java:161) ~[spring-boot-2.0.3.RELEASE.jar:2.0.3.RELEASE]
	at org.springframework.context.support.AbstractApplicationContext.refresh(AbstractApplicationContext.java:553) ~[spring-context-5.0.7.RELEASE.jar:5.0.7.RELEASE]
	at org.springframework.boot.web.servlet.context.ServletWebServerApplicationContext.refresh(ServletWebServerApplicationContext.java:140) ~[spring-boot-2.0.3.RELEASE.jar:2.0.3.RELEASE]
	at org.springframework.boot.SpringApplication.refresh(SpringApplication.java:759) ~[spring-boot-2.0.3.RELEASE.jar:2.0.3.RELEASE]
	at org.springframework.boot.SpringApplication.refreshContext(SpringApplication.java:395) ~[spring-boot-2.0.3.RELEASE.jar:2.0.3.RELEASE]
	at org.springframework.boot.SpringApplication.run(SpringApplication.java:327) ~[spring-boot-2.0.3.RELEASE.jar:2.0.3.RELEASE]
	at org.springframework.boot.SpringApplication.run(SpringApplication.java:1255) ~[spring-boot-2.0.3.RELEASE.jar:2.0.3.RELEASE]
	at org.springframework.boot.SpringApplication.run(SpringApplication.java:1243) ~[spring-boot-2.0.3.RELEASE.jar:2.0.3.RELEASE]
	at com.yaz.KampanyaServiceApplication.main(KampanyaServiceApplication.java:14) ~[classes/:na]

2018-07-12 14:01:38.997  WARN 9496 --- [main] com.netflix.discovery.DiscoveryClient    : Using default backup registry implementation which does not do anything.
2018-07-12 14:01:38.999  INFO 9496 --- [main] com.netflix.discovery.DiscoveryClient    : Starting heartbeat executor: renew interval is: 30
2018-07-12 14:01:39.001  INFO 9496 --- [main] c.n.discovery.InstanceInfoReplicator     : InstanceInfoReplicator onDemand update allowed rate per min is 4
2018-07-12 14:01:39.006  INFO 9496 --- [main] com.netflix.discovery.DiscoveryClient    : Discovery Client initialized at timestamp 1531393299004 with initial instances count: 0
2018-07-12 14:01:39.009  INFO 9496 --- [main] o.s.c.n.e.s.EurekaServiceRegistry        : Registering application kampanyalar-service with eureka with status UP
2018-07-12 14:01:39.011  INFO 9496 --- [main] com.netflix.discovery.DiscoveryClient    : Saw local status change event StatusChangeEvent [timestamp=1531393299010, current=UP, previous=STARTING]
2018-07-12 14:01:39.012  INFO 9496 --- [DiscoveryClient-InstanceInfoReplicator-0] com.netflix.discovery.DiscoveryClient    : DiscoveryClient_KAMPANYALAR-SERVICE/localhost:kampanyalar-service:8097: registering service...
2018-07-12 14:01:39.060  INFO 9496 --- [main] o.s.b.w.embedded.tomcat.TomcatWebServer  : Tomcat started on port(s): 8097 (http) with context path ''
2018-07-12 14:01:39.061  INFO 9496 --- [main] .s.c.n.e.s.EurekaAutoServiceRegistration : Updating port to 8097
2018-07-12 14:01:39.064  INFO 9496 --- [main] com.yaz.KampanyaServiceApplication       : Started KampanyaServiceApplication in 10.074 seconds (JVM running for 10.712)
2018-07-12 14:01:39.071  INFO 9496 --- [DiscoveryClient-InstanceInfoReplicator-0] com.netflix.discovery.DiscoveryClient    : DiscoveryClient_KAMPANYALAR-SERVICE/localhost:kampanyalar-service:8097 - registration status: 404
2018-07-12 14:02:01.251  INFO 9496 --- [RMI TCP Connection(2)-127.0.0.1] inMXBeanRegistrar$SpringApplicationAdmin : Application shutdown requested.
2018-07-12 14:02:01.251  INFO 9496 --- [RMI TCP Connection(2)-127.0.0.1] ConfigServletWebServerApplicationContext : Closing org.springframework.boot.web.servlet.context.AnnotationConfigServletWebServerApplicationContext@1b45c0e: startup date [Thu Jul 12 14:01:32 EET 2018]; parent: org.springframework.context.annotation.AnnotationConfigApplicationContext@34123d65
2018-07-12 14:02:01.252  INFO 9496 --- [RMI TCP Connection(2)-127.0.0.1] o.s.c.n.e.s.EurekaServiceRegistry        : Unregistering application kampanyalar-service with eureka with status DOWN
2018-07-12 14:02:01.252  WARN 9496 --- [RMI TCP Connection(2)-127.0.0.1] com.netflix.discovery.DiscoveryClient    : Saw local status change event StatusChangeEvent [timestamp=1531393321252, current=DOWN, previous=UP]
2018-07-12 14:02:01.252  INFO 9496 --- [DiscoveryClient-InstanceInfoReplicator-0] com.netflix.discovery.DiscoveryClient    : DiscoveryClient_KAMPANYALAR-SERVICE/localhost:kampanyalar-service:8097: registering service...
2018-07-12 14:02:01.254  INFO 9496 --- [RMI TCP Connection(2)-127.0.0.1] o.s.c.support.DefaultLifecycleProcessor  : Stopping beans in phase 0
2018-07-12 14:02:01.255  INFO 9496 --- [RMI TCP Connection(2)-127.0.0.1] o.s.j.e.a.AnnotationMBeanExporter        : Unregistering JMX-exposed beans on shutdown
2018-07-12 14:02:01.256  INFO 9496 --- [DiscoveryClient-InstanceInfoReplicator-0] com.netflix.discovery.DiscoveryClient    : DiscoveryClient_KAMPANYALAR-SERVICE/localhost:kampanyalar-service:8097 - registration status: 404
2018-07-12 14:02:01.256  INFO 9496 --- [RMI TCP Connection(2)-127.0.0.1] o.s.j.e.a.AnnotationMBeanExporter        : Unregistering JMX-exposed beans
2018-07-12 14:02:01.257  INFO 9496 --- [RMI TCP Connection(2)-127.0.0.1] com.netflix.discovery.DiscoveryClient    : Shutting down DiscoveryClient ...
2018-07-12 14:47:43.542  INFO 13840 --- [main] com.yaz.KampanyaServiceApplication       : No active profile set, falling back to default profiles: default
2018-07-12 14:47:43.552  INFO 13840 --- [main] ConfigServletWebServerApplicationContext : Refreshing org.springframework.boot.web.servlet.context.AnnotationConfigServletWebServerApplicationContext@7674b62c: startup date [Thu Jul 12 14:47:43 EET 2018]; parent: org.springframework.context.annotation.AnnotationConfigApplicationContext@4562e04d
2018-07-12 14:47:44.291  INFO 13840 --- [main] o.s.cloud.context.scope.GenericScope     : BeanFactory id=e70d7347-5da1-394f-8682-bd09ca002606
2018-07-12 14:47:44.304  INFO 13840 --- [main] f.a.AutowiredAnnotationBeanPostProcessor : JSR-330 'javax.inject.Inject' annotation found and supported for autowiring
2018-07-12 14:47:44.350  INFO 13840 --- [main] trationDelegate$BeanPostProcessorChecker : Bean 'org.springframework.cloud.autoconfigure.ConfigurationPropertiesRebinderAutoConfiguration' of type [org.springframework.cloud.autoconfigure.ConfigurationPropertiesRebinderAutoConfiguration$$EnhancerBySpringCGLIB$$66fe1be3] is not eligible for getting processed by all BeanPostProcessors (for example: not eligible for auto-proxying)
2018-07-12 14:47:44.533  INFO 13840 --- [main] o.s.b.w.embedded.tomcat.TomcatWebServer  : Tomcat initialized with port(s): 8097 (http)
2018-07-12 14:47:44.552  INFO 13840 --- [main] o.apache.catalina.core.StandardService   : Starting service [Tomcat]
2018-07-12 14:47:44.553  INFO 13840 --- [main] org.apache.catalina.core.StandardEngine  : Starting Servlet Engine: Apache Tomcat/8.5.31
2018-07-12 14:47:44.557  INFO 13840 --- [localhost-startStop-1] o.a.catalina.core.AprLifecycleListener   : The APR based Apache Tomcat Native library which allows optimal performance in production environments was not found on the java.library.path: [C:\Program Files\Java\jre1.8.0_171\bin;C:\WINDOWS\Sun\Java\bin;C:\WINDOWS\system32;C:\WINDOWS;C:/Program Files/Java/jre1.8.0_171/bin/server;C:/Program Files/Java/jre1.8.0_171/bin;C:/Program Files/Java/jre1.8.0_171/lib/amd64;C:\Program Files\Docker\Docker\Resources\bin;C:\Program Files (x86)\Common Files\Oracle\Java\javapath;C:\ProgramData\Oracle\Java\javapath;C:\Windows\system32;C:\Windows;C:\Windows\System32\Wbem;C:\Windows\System32\WindowsPowerShell\v1.0\;C:\Program Files (x86)\NVIDIA Corporation\PhysX\Common;C:\Program Files (x86)\Windows Kits\10\Windows Performance Toolkit\;C:\WINDOWS\system32;C:\WINDOWS;C:\WINDOWS\System32\Wbem;C:\WINDOWS\System32\WindowsPowerShell\v1.0\;D:\Code_Blocks\GCC\bin;D:\Downloads\Setups\Putty\;D:\Matlab\bin;C:\WINDOWS\System32\OpenSSH\;C:\ProgramData\chocolatey\bin;C:\Program Files (x86)\MySQL\MySQL Utilities 1.6\;D:\Program Files\Git\cmd;C:\Users\Alptekin\AppData\Local\Microsoft\WindowsApps;;D:\Program Files\Microsoft VS Code\bin;D:\Programs\SPRIN TOOL SUITE(STS)\sts-bundle\sts-3.9.4.RELEASE;;.]
2018-07-12 14:47:44.672  INFO 13840 --- [localhost-startStop-1] o.a.c.c.C.[Tomcat].[localhost].[/]       : Initializing Spring embedded WebApplicationContext
2018-07-12 14:47:44.673  INFO 13840 --- [localhost-startStop-1] o.s.web.context.ContextLoader            : Root WebApplicationContext: initialization completed in 1121 ms
2018-07-12 14:47:44.870  WARN 13840 --- [localhost-startStop-1] c.n.c.sources.URLConfigurationSource     : No URLs will be polled as dynamic configuration sources.
2018-07-12 14:47:44.871  INFO 13840 --- [localhost-startStop-1] c.n.c.sources.URLConfigurationSource     : To enable URLs as dynamic configuration sources, define System property archaius.configurationSource.additionalUrls or make config.properties available on classpath.
2018-07-12 14:47:44.880  INFO 13840 --- [localhost-startStop-1] c.netflix.config.DynamicPropertyFactory  : DynamicPropertyFactory is initialized with configuration sources: com.netflix.config.ConcurrentCompositeConfiguration@59f3dbfc
2018-07-12 14:47:46.062  INFO 13840 --- [localhost-startStop-1] o.s.b.w.servlet.ServletRegistrationBean  : Servlet dispatcherServlet mapped to [/]
2018-07-12 14:47:46.063  INFO 13840 --- [localhost-startStop-1] o.s.b.w.servlet.ServletRegistrationBean  : Servlet webServlet mapped to [/h2-console/*]
2018-07-12 14:47:46.065  INFO 13840 --- [localhost-startStop-1] o.s.b.w.servlet.FilterRegistrationBean   : Mapping filter: 'characterEncodingFilter' to: [/*]
2018-07-12 14:47:46.066  INFO 13840 --- [localhost-startStop-1] o.s.b.w.servlet.FilterRegistrationBean   : Mapping filter: 'hiddenHttpMethodFilter' to: [/*]
2018-07-12 14:47:46.066  INFO 13840 --- [localhost-startStop-1] o.s.b.w.servlet.FilterRegistrationBean   : Mapping filter: 'httpPutFormContentFilter' to: [/*]
2018-07-12 14:47:46.066  INFO 13840 --- [localhost-startStop-1] o.s.b.w.servlet.FilterRegistrationBean   : Mapping filter: 'requestContextFilter' to: [/*]
2018-07-12 14:47:46.066  INFO 13840 --- [localhost-startStop-1] o.s.b.w.servlet.FilterRegistrationBean   : Mapping filter: 'httpTraceFilter' to: [/*]
2018-07-12 14:47:46.066  INFO 13840 --- [localhost-startStop-1] o.s.b.w.servlet.FilterRegistrationBean   : Mapping filter: 'webMvcMetricsFilter' to: [/*]
2018-07-12 14:47:46.113  WARN 13840 --- [main] c.n.c.sources.URLConfigurationSource     : No URLs will be polled as dynamic configuration sources.
2018-07-12 14:47:46.113  INFO 13840 --- [main] c.n.c.sources.URLConfigurationSource     : To enable URLs as dynamic configuration sources, define System property archaius.configurationSource.additionalUrls or make config.properties available on classpath.
2018-07-12 14:47:46.261  INFO 13840 --- [main] o.s.w.s.handler.SimpleUrlHandlerMapping  : Mapped URL path [/**/favicon.ico] onto handler of type [class org.springframework.web.servlet.resource.ResourceHttpRequestHandler]
2018-07-12 14:47:46.445  INFO 13840 --- [main] s.w.s.m.m.a.RequestMappingHandlerAdapter : Looking for @ControllerAdvice: org.springframework.boot.web.servlet.context.AnnotationConfigServletWebServerApplicationContext@7674b62c: startup date [Thu Jul 12 14:47:43 EET 2018]; parent: org.springframework.context.annotation.AnnotationConfigApplicationContext@4562e04d
2018-07-12 14:47:46.495  INFO 13840 --- [main] s.w.s.m.m.a.RequestMappingHandlerMapping : Mapped "{[/api/kampanyalar],methods=[PUT]}" onto public com.yaz.Kampanya com.yaz.KampanyaRestController.updateKampanya(com.yaz.Kampanya)
2018-07-12 14:47:46.496  INFO 13840 --- [main] s.w.s.m.m.a.RequestMappingHandlerMapping : Mapped "{[/api/kampanyalar],methods=[POST]}" onto public com.yaz.Kampanya com.yaz.KampanyaRestController.addKampanya(com.yaz.Kampanya)
2018-07-12 14:47:46.496  INFO 13840 --- [main] s.w.s.m.m.a.RequestMappingHandlerMapping : Mapped "{[/api/kampanyalar],methods=[GET]}" onto public java.lang.Iterable<com.yaz.Kampanya> com.yaz.KampanyaRestController.getKampanyalar()
2018-07-12 14:47:46.496  INFO 13840 --- [main] s.w.s.m.m.a.RequestMappingHandlerMapping : Mapped "{[/api/kampanyalar/{kampanyaId}],methods=[DELETE]}" onto public java.lang.String com.yaz.KampanyaRestController.deleteKampanya(int)
2018-07-12 14:47:46.498  INFO 13840 --- [main] s.w.s.m.m.a.RequestMappingHandlerMapping : Mapped "{[/error]}" onto public org.springframework.http.ResponseEntity<java.util.Map<java.lang.String, java.lang.Object>> org.springframework.boot.autoconfigure.web.servlet.error.BasicErrorController.error(javax.servlet.http.HttpServletRequest)
2018-07-12 14:47:46.499  INFO 13840 --- [main] s.w.s.m.m.a.RequestMappingHandlerMapping : Mapped "{[/error],produces=[text/html]}" onto public org.springframework.web.servlet.ModelAndView org.springframework.boot.autoconfigure.web.servlet.error.BasicErrorController.errorHtml(javax.servlet.http.HttpServletRequest,javax.servlet.http.HttpServletResponse)
2018-07-12 14:47:46.524  INFO 13840 --- [main] o.s.w.s.handler.SimpleUrlHandlerMapping  : Mapped URL path [/webjars/**] onto handler of type [class org.springframework.web.servlet.resource.ResourceHttpRequestHandler]
2018-07-12 14:47:46.524  INFO 13840 --- [main] o.s.w.s.handler.SimpleUrlHandlerMapping  : Mapped URL path [/**] onto handler of type [class org.springframework.web.servlet.resource.ResourceHttpRequestHandler]
2018-07-12 14:47:46.540  INFO 13840 --- [main] .m.m.a.ExceptionHandlerExceptionResolver : Detected @ExceptionHandler methods in kampanyaRestExceptionHandler
2018-07-12 14:47:46.574  WARN 13840 --- [main] ion$DefaultTemplateResolverConfiguration : Cannot find template location: classpath:/templates/ (please add some templates or check your Thymeleaf configuration)
2018-07-12 14:47:46.986  WARN 13840 --- [main] arterDeprecationWarningAutoConfiguration : spring-cloud-starter-eureka is deprecated as of Spring Cloud Netflix 1.4.0, please migrate to spring-cloud-starter-netflix-eureka
2018-07-12 14:47:46.994  INFO 13840 --- [main] o.s.b.a.e.web.EndpointLinksResolver      : Exposing 2 endpoint(s) beneath base path '/actuator'
2018-07-12 14:47:47.003  INFO 13840 --- [main] s.b.a.e.w.s.WebMvcEndpointHandlerMapping : Mapped "{[/actuator/health],methods=[GET],produces=[application/vnd.spring-boot.actuator.v2+json || application/json]}" onto public java.lang.Object org.springframework.boot.actuate.endpoint.web.servlet.AbstractWebMvcEndpointHandlerMapping$OperationHandler.handle(javax.servlet.http.HttpServletRequest,java.util.Map<java.lang.String, java.lang.String>)
2018-07-12 14:47:47.004  INFO 13840 --- [main] s.b.a.e.w.s.WebMvcEndpointHandlerMapping : Mapped "{[/actuator/info],methods=[GET],produces=[application/vnd.spring-boot.actuator.v2+json || application/json]}" onto public java.lang.Object org.springframework.boot.actuate.endpoint.web.servlet.AbstractWebMvcEndpointHandlerMapping$OperationHandler.handle(javax.servlet.http.HttpServletRequest,java.util.Map<java.lang.String, java.lang.String>)
2018-07-12 14:47:47.005  INFO 13840 --- [main] s.b.a.e.w.s.WebMvcEndpointHandlerMapping : Mapped "{[/actuator],methods=[GET],produces=[application/vnd.spring-boot.actuator.v2+json || application/json]}" onto protected java.util.Map<java.lang.String, java.util.Map<java.lang.String, org.springframework.boot.actuate.endpoint.web.Link>> org.springframework.boot.actuate.endpoint.web.servlet.WebMvcEndpointHandlerMapping.links(javax.servlet.http.HttpServletRequest,javax.servlet.http.HttpServletResponse)
2018-07-12 14:47:47.044  INFO 13840 --- [main] o.s.j.e.a.AnnotationMBeanExporter        : Registering beans for JMX exposure on startup
2018-07-12 14:47:47.051  INFO 13840 --- [main] o.s.j.e.a.AnnotationMBeanExporter        : Bean with name 'environmentManager' has been autodetected for JMX exposure
2018-07-12 14:47:47.052  INFO 13840 --- [main] o.s.j.e.a.AnnotationMBeanExporter        : Bean with name 'refreshScope' has been autodetected for JMX exposure
2018-07-12 14:47:47.053  INFO 13840 --- [main] o.s.j.e.a.AnnotationMBeanExporter        : Bean with name 'configurationPropertiesRebinder' has been autodetected for JMX exposure
2018-07-12 14:47:47.056  INFO 13840 --- [main] o.s.j.e.a.AnnotationMBeanExporter        : Located managed bean 'environmentManager': registering with JMX server as MBean [org.springframework.cloud.context.environment:name=environmentManager,type=EnvironmentManager]
2018-07-12 14:47:47.064  INFO 13840 --- [main] o.s.j.e.a.AnnotationMBeanExporter        : Located managed bean 'refreshScope': registering with JMX server as MBean [org.springframework.cloud.context.scope.refresh:name=refreshScope,type=RefreshScope]
2018-07-12 14:47:47.071  INFO 13840 --- [main] o.s.j.e.a.AnnotationMBeanExporter        : Located managed bean 'configurationPropertiesRebinder': registering with JMX server as MBean [org.springframework.cloud.context.properties:name=configurationPropertiesRebinder,context=7674b62c,type=ConfigurationPropertiesRebinder]
2018-07-12 14:47:47.079  INFO 13840 --- [main] o.s.c.support.DefaultLifecycleProcessor  : Starting beans in phase 0
2018-07-12 14:47:47.085  INFO 13840 --- [main] o.s.c.n.eureka.InstanceInfoFactory       : Setting initial instance status as: STARTING
2018-07-12 14:47:47.119  INFO 13840 --- [main] com.netflix.discovery.DiscoveryClient    : Initializing Eureka in region us-east-1
2018-07-12 14:47:47.432  INFO 13840 --- [main] c.n.d.provider.DiscoveryJerseyProvider   : Using JSON encoding codec LegacyJacksonJson
2018-07-12 14:47:47.432  INFO 13840 --- [main] c.n.d.provider.DiscoveryJerseyProvider   : Using JSON decoding codec LegacyJacksonJson
2018-07-12 14:47:47.526  INFO 13840 --- [main] c.n.d.provider.DiscoveryJerseyProvider   : Using XML encoding codec XStreamXml
2018-07-12 14:47:47.527  INFO 13840 --- [main] c.n.d.provider.DiscoveryJerseyProvider   : Using XML decoding codec XStreamXml
2018-07-12 14:47:47.669  INFO 13840 --- [main] c.n.d.s.r.aws.ConfigClusterResolver      : Resolving eureka endpoints via configuration
2018-07-12 14:47:47.827  INFO 13840 --- [main] com.netflix.discovery.DiscoveryClient    : Disable delta property : false
2018-07-12 14:47:47.827  INFO 13840 --- [main] com.netflix.discovery.DiscoveryClient    : Single vip registry refresh property : null
2018-07-12 14:47:47.827  INFO 13840 --- [main] com.netflix.discovery.DiscoveryClient    : Force full registry fetch : false
2018-07-12 14:47:47.827  INFO 13840 --- [main] com.netflix.discovery.DiscoveryClient    : Application is null : false
2018-07-12 14:47:47.827  INFO 13840 --- [main] com.netflix.discovery.DiscoveryClient    : Registered Applications size is zero : true
2018-07-12 14:47:47.827  INFO 13840 --- [main] com.netflix.discovery.DiscoveryClient    : Application version is -1: true
2018-07-12 14:47:47.828  INFO 13840 --- [main] com.netflix.discovery.DiscoveryClient    : Getting all instance registry info from the eureka server
2018-07-12 14:47:47.993  INFO 13840 --- [main] com.netflix.discovery.DiscoveryClient    : The response status is 200
2018-07-12 14:47:47.995  INFO 13840 --- [main] com.netflix.discovery.DiscoveryClient    : Starting heartbeat executor: renew interval is: 30
2018-07-12 14:47:47.997  INFO 13840 --- [main] c.n.discovery.InstanceInfoReplicator     : InstanceInfoReplicator onDemand update allowed rate per min is 4
2018-07-12 14:47:48.001  INFO 13840 --- [main] com.netflix.discovery.DiscoveryClient    : Discovery Client initialized at timestamp 1531396068000 with initial instances count: 0
2018-07-12 14:47:48.004  INFO 13840 --- [main] o.s.c.n.e.s.EurekaServiceRegistry        : Registering application kampanyalar-service with eureka with status UP
2018-07-12 14:47:48.004  INFO 13840 --- [main] com.netflix.discovery.DiscoveryClient    : Saw local status change event StatusChangeEvent [timestamp=1531396068004, current=UP, previous=STARTING]
2018-07-12 14:47:48.006  INFO 13840 --- [DiscoveryClient-InstanceInfoReplicator-0] com.netflix.discovery.DiscoveryClient    : DiscoveryClient_KAMPANYALAR-SERVICE/DESKTOP-MQDF91L:kampanyalar-service:8097: registering service...
2018-07-12 14:47:48.051  INFO 13840 --- [main] o.s.b.w.embedded.tomcat.TomcatWebServer  : Tomcat started on port(s): 8097 (http) with context path ''
2018-07-12 14:47:48.052  INFO 13840 --- [main] .s.c.n.e.s.EurekaAutoServiceRegistration : Updating port to 8097
2018-07-12 14:47:48.054  INFO 13840 --- [main] com.yaz.KampanyaServiceApplication       : Started KampanyaServiceApplication in 5.707 seconds (JVM running for 6.351)
2018-07-12 14:47:48.116  INFO 13840 --- [DiscoveryClient-InstanceInfoReplicator-0] com.netflix.discovery.DiscoveryClient    : DiscoveryClient_KAMPANYALAR-SERVICE/DESKTOP-MQDF91L:kampanyalar-service:8097 - registration status: 204
2018-07-12 14:48:17.995  INFO 13840 --- [DiscoveryClient-CacheRefreshExecutor-0] com.netflix.discovery.DiscoveryClient    : Disable delta property : false
2018-07-12 14:48:17.996  INFO 13840 --- [DiscoveryClient-CacheRefreshExecutor-0] com.netflix.discovery.DiscoveryClient    : Single vip registry refresh property : null
2018-07-12 14:48:17.996  INFO 13840 --- [DiscoveryClient-CacheRefreshExecutor-0] com.netflix.discovery.DiscoveryClient    : Force full registry fetch : false
2018-07-12 14:48:17.996  INFO 13840 --- [DiscoveryClient-CacheRefreshExecutor-0] com.netflix.discovery.DiscoveryClient    : Application is null : false
2018-07-12 14:48:17.996  INFO 13840 --- [DiscoveryClient-CacheRefreshExecutor-0] com.netflix.discovery.DiscoveryClient    : Registered Applications size is zero : true
2018-07-12 14:48:17.996  INFO 13840 --- [DiscoveryClient-CacheRefreshExecutor-0] com.netflix.discovery.DiscoveryClient    : Application version is -1: false
2018-07-12 14:48:17.996  INFO 13840 --- [DiscoveryClient-CacheRefreshExecutor-0] com.netflix.discovery.DiscoveryClient    : Getting all instance registry info from the eureka server
2018-07-12 14:48:18.029  INFO 13840 --- [DiscoveryClient-CacheRefreshExecutor-0] com.netflix.discovery.DiscoveryClient    : The response status is 200
2018-07-12 14:48:26.759  INFO 13840 --- [http-nio-8097-exec-1] o.a.c.c.C.[Tomcat].[localhost].[/]       : Initializing Spring FrameworkServlet 'dispatcherServlet'
2018-07-12 14:48:26.759  INFO 13840 --- [http-nio-8097-exec-1] o.s.web.servlet.DispatcherServlet        : FrameworkServlet 'dispatcherServlet': initialization started
2018-07-12 14:48:26.777  INFO 13840 --- [http-nio-8097-exec-1] o.s.web.servlet.DispatcherServlet        : FrameworkServlet 'dispatcherServlet': initialization completed in 18 ms
2018-07-12 14:52:47.831  INFO 13840 --- [AsyncResolver-bootstrap-executor-0] c.n.d.s.r.aws.ConfigClusterResolver      : Resolving eureka endpoints via configuration
2018-07-12 14:57:47.833  INFO 13840 --- [AsyncResolver-bootstrap-executor-0] c.n.d.s.r.aws.ConfigClusterResolver      : Resolving eureka endpoints via configuration
2018-07-12 15:02:47.835  INFO 13840 --- [AsyncResolver-bootstrap-executor-0] c.n.d.s.r.aws.ConfigClusterResolver      : Resolving eureka endpoints via configuration
2018-07-12 15:07:47.836  INFO 13840 --- [AsyncResolver-bootstrap-executor-0] c.n.d.s.r.aws.ConfigClusterResolver      : Resolving eureka endpoints via configuration
2018-07-12 15:12:47.837  INFO 13840 --- [AsyncResolver-bootstrap-executor-0] c.n.d.s.r.aws.ConfigClusterResolver      : Resolving eureka endpoints via configuration
2018-07-12 15:17:47.839  INFO 13840 --- [AsyncResolver-bootstrap-executor-0] c.n.d.s.r.aws.ConfigClusterResolver      : Resolving eureka endpoints via configuration
2018-07-12 16:12:55.843  INFO 2260 --- [main] com.yaz.KampanyaServiceApplication       : No active profile set, falling back to default profiles: default
2018-07-12 16:12:55.912  INFO 2260 --- [main] ConfigServletWebServerApplicationContext : Refreshing org.springframework.boot.web.servlet.context.AnnotationConfigServletWebServerApplicationContext@40317ba2: startup date [Thu Jul 12 16:12:55 EET 2018]; parent: org.springframework.context.annotation.AnnotationConfigApplicationContext@1aafa419
2018-07-12 16:12:56.732  INFO 2260 --- [main] o.s.cloud.context.scope.GenericScope     : BeanFactory id=e70d7347-5da1-394f-8682-bd09ca002606
2018-07-12 16:12:56.745  INFO 2260 --- [main] f.a.AutowiredAnnotationBeanPostProcessor : JSR-330 'javax.inject.Inject' annotation found and supported for autowiring
2018-07-12 16:12:56.803  INFO 2260 --- [main] trationDelegate$BeanPostProcessorChecker : Bean 'org.springframework.cloud.autoconfigure.ConfigurationPropertiesRebinderAutoConfiguration' of type [org.springframework.cloud.autoconfigure.ConfigurationPropertiesRebinderAutoConfiguration$$EnhancerBySpringCGLIB$$ded78fad] is not eligible for getting processed by all BeanPostProcessors (for example: not eligible for auto-proxying)
2018-07-12 16:12:57.037  INFO 2260 --- [main] o.s.b.w.embedded.tomcat.TomcatWebServer  : Tomcat initialized with port(s): 8097 (http)
2018-07-12 16:12:57.061  INFO 2260 --- [main] o.apache.catalina.core.StandardService   : Starting service [Tomcat]
2018-07-12 16:12:57.062  INFO 2260 --- [main] org.apache.catalina.core.StandardEngine  : Starting Servlet Engine: Apache Tomcat/8.5.31
2018-07-12 16:12:57.067  INFO 2260 --- [localhost-startStop-1] o.a.catalina.core.AprLifecycleListener   : The APR based Apache Tomcat Native library which allows optimal performance in production environments was not found on the java.library.path: [C:\Program Files\Java\jre1.8.0_171\bin;C:\WINDOWS\Sun\Java\bin;C:\WINDOWS\system32;C:\WINDOWS;C:/Program Files/Java/jre1.8.0_171/bin/server;C:/Program Files/Java/jre1.8.0_171/bin;C:/Program Files/Java/jre1.8.0_171/lib/amd64;C:\Program Files\Docker\Docker\Resources\bin;C:\Program Files (x86)\Common Files\Oracle\Java\javapath;C:\ProgramData\Oracle\Java\javapath;C:\Windows\system32;C:\Windows;C:\Windows\System32\Wbem;C:\Windows\System32\WindowsPowerShell\v1.0\;C:\Program Files (x86)\NVIDIA Corporation\PhysX\Common;C:\Program Files (x86)\Windows Kits\10\Windows Performance Toolkit\;C:\WINDOWS\system32;C:\WINDOWS;C:\WINDOWS\System32\Wbem;C:\WINDOWS\System32\WindowsPowerShell\v1.0\;D:\Code_Blocks\GCC\bin;D:\Downloads\Setups\Putty\;D:\Matlab\bin;C:\WINDOWS\System32\OpenSSH\;C:\ProgramData\chocolatey\bin;C:\Program Files (x86)\MySQL\MySQL Utilities 1.6\;D:\Program Files\Git\cmd;C:\Users\Alptekin\AppData\Local\Microsoft\WindowsApps;;D:\Program Files\Microsoft VS Code\bin;D:\Programs\SPRIN TOOL SUITE(STS)\sts-bundle\sts-3.9.4.RELEASE;;.]
2018-07-12 16:12:57.201  INFO 2260 --- [localhost-startStop-1] o.a.c.c.C.[Tomcat].[localhost].[/]       : Initializing Spring embedded WebApplicationContext
2018-07-12 16:12:57.201  INFO 2260 --- [localhost-startStop-1] o.s.web.context.ContextLoader            : Root WebApplicationContext: initialization completed in 1289 ms
2018-07-12 16:12:57.440  WARN 2260 --- [localhost-startStop-1] c.n.c.sources.URLConfigurationSource     : No URLs will be polled as dynamic configuration sources.
2018-07-12 16:12:57.441  INFO 2260 --- [localhost-startStop-1] c.n.c.sources.URLConfigurationSource     : To enable URLs as dynamic configuration sources, define System property archaius.configurationSource.additionalUrls or make config.properties available on classpath.
2018-07-12 16:12:57.451  INFO 2260 --- [localhost-startStop-1] c.netflix.config.DynamicPropertyFactory  : DynamicPropertyFactory is initialized with configuration sources: com.netflix.config.ConcurrentCompositeConfiguration@14ca23aa
2018-07-12 16:12:59.095  INFO 2260 --- [localhost-startStop-1] o.s.cloud.commons.util.InetUtils         : Cannot determine local hostname
2018-07-12 16:13:00.457  INFO 2260 --- [localhost-startStop-1] o.s.cloud.commons.util.InetUtils         : Cannot determine local hostname
2018-07-12 16:13:00.845  INFO 2260 --- [localhost-startStop-1] o.s.b.w.servlet.ServletRegistrationBean  : Servlet dispatcherServlet mapped to [/]
2018-07-12 16:13:00.846  INFO 2260 --- [localhost-startStop-1] o.s.b.w.servlet.ServletRegistrationBean  : Servlet webServlet mapped to [/h2-console/*]
2018-07-12 16:13:00.849  INFO 2260 --- [localhost-startStop-1] o.s.b.w.servlet.FilterRegistrationBean   : Mapping filter: 'characterEncodingFilter' to: [/*]
2018-07-12 16:13:00.849  INFO 2260 --- [localhost-startStop-1] o.s.b.w.servlet.FilterRegistrationBean   : Mapping filter: 'hiddenHttpMethodFilter' to: [/*]
2018-07-12 16:13:00.849  INFO 2260 --- [localhost-startStop-1] o.s.b.w.servlet.FilterRegistrationBean   : Mapping filter: 'httpPutFormContentFilter' to: [/*]
2018-07-12 16:13:00.849  INFO 2260 --- [localhost-startStop-1] o.s.b.w.servlet.FilterRegistrationBean   : Mapping filter: 'requestContextFilter' to: [/*]
2018-07-12 16:13:00.849  INFO 2260 --- [localhost-startStop-1] o.s.b.w.servlet.FilterRegistrationBean   : Mapping filter: 'httpTraceFilter' to: [/*]
2018-07-12 16:13:00.850  INFO 2260 --- [localhost-startStop-1] o.s.b.w.servlet.FilterRegistrationBean   : Mapping filter: 'webMvcMetricsFilter' to: [/*]
2018-07-12 16:13:00.902  WARN 2260 --- [main] c.n.c.sources.URLConfigurationSource     : No URLs will be polled as dynamic configuration sources.
2018-07-12 16:13:00.903  INFO 2260 --- [main] c.n.c.sources.URLConfigurationSource     : To enable URLs as dynamic configuration sources, define System property archaius.configurationSource.additionalUrls or make config.properties available on classpath.
2018-07-12 16:13:01.050  INFO 2260 --- [main] o.s.w.s.handler.SimpleUrlHandlerMapping  : Mapped URL path [/**/favicon.ico] onto handler of type [class org.springframework.web.servlet.resource.ResourceHttpRequestHandler]
2018-07-12 16:13:01.254  INFO 2260 --- [main] s.w.s.m.m.a.RequestMappingHandlerAdapter : Looking for @ControllerAdvice: org.springframework.boot.web.servlet.context.AnnotationConfigServletWebServerApplicationContext@40317ba2: startup date [Thu Jul 12 16:12:55 EET 2018]; parent: org.springframework.context.annotation.AnnotationConfigApplicationContext@1aafa419
2018-07-12 16:13:01.303  INFO 2260 --- [main] s.w.s.m.m.a.RequestMappingHandlerMapping : Mapped "{[/api/kampanyalar],methods=[GET]}" onto public java.lang.Iterable<com.yaz.Kampanya> com.yaz.KampanyaRestController.getKampanyalar()
2018-07-12 16:13:01.305  INFO 2260 --- [main] s.w.s.m.m.a.RequestMappingHandlerMapping : Mapped "{[/api/kampanyalar],methods=[PUT]}" onto public com.yaz.Kampanya com.yaz.KampanyaRestController.updateKampanya(com.yaz.Kampanya)
2018-07-12 16:13:01.305  INFO 2260 --- [main] s.w.s.m.m.a.RequestMappingHandlerMapping : Mapped "{[/api/kampanyalar/{kampanyaId}],methods=[DELETE]}" onto public java.lang.String com.yaz.KampanyaRestController.deleteKampanya(int)
2018-07-12 16:13:01.306  INFO 2260 --- [main] s.w.s.m.m.a.RequestMappingHandlerMapping : Mapped "{[/api/kampanyalar],methods=[POST]}" onto public com.yaz.Kampanya com.yaz.KampanyaRestController.addKampanya(com.yaz.Kampanya)
2018-07-12 16:13:01.308  INFO 2260 --- [main] s.w.s.m.m.a.RequestMappingHandlerMapping : Mapped "{[/error]}" onto public org.springframework.http.ResponseEntity<java.util.Map<java.lang.String, java.lang.Object>> org.springframework.boot.autoconfigure.web.servlet.error.BasicErrorController.error(javax.servlet.http.HttpServletRequest)
2018-07-12 16:13:01.308  INFO 2260 --- [main] s.w.s.m.m.a.RequestMappingHandlerMapping : Mapped "{[/error],produces=[text/html]}" onto public org.springframework.web.servlet.ModelAndView org.springframework.boot.autoconfigure.web.servlet.error.BasicErrorController.errorHtml(javax.servlet.http.HttpServletRequest,javax.servlet.http.HttpServletResponse)
2018-07-12 16:13:01.334  INFO 2260 --- [main] o.s.w.s.handler.SimpleUrlHandlerMapping  : Mapped URL path [/webjars/**] onto handler of type [class org.springframework.web.servlet.resource.ResourceHttpRequestHandler]
2018-07-12 16:13:01.334  INFO 2260 --- [main] o.s.w.s.handler.SimpleUrlHandlerMapping  : Mapped URL path [/**] onto handler of type [class org.springframework.web.servlet.resource.ResourceHttpRequestHandler]
2018-07-12 16:13:01.351  INFO 2260 --- [main] .m.m.a.ExceptionHandlerExceptionResolver : Detected @ExceptionHandler methods in kampanyaRestExceptionHandler
2018-07-12 16:13:01.384  WARN 2260 --- [main] ion$DefaultTemplateResolverConfiguration : Cannot find template location: classpath:/templates/ (please add some templates or check your Thymeleaf configuration)
2018-07-12 16:13:01.813  WARN 2260 --- [main] arterDeprecationWarningAutoConfiguration : spring-cloud-starter-eureka is deprecated as of Spring Cloud Netflix 1.4.0, please migrate to spring-cloud-starter-netflix-eureka
2018-07-12 16:13:01.822  INFO 2260 --- [main] o.s.b.a.e.web.EndpointLinksResolver      : Exposing 2 endpoint(s) beneath base path '/actuator'
2018-07-12 16:13:01.838  INFO 2260 --- [main] s.b.a.e.w.s.WebMvcEndpointHandlerMapping : Mapped "{[/actuator/health],methods=[GET],produces=[application/vnd.spring-boot.actuator.v2+json || application/json]}" onto public java.lang.Object org.springframework.boot.actuate.endpoint.web.servlet.AbstractWebMvcEndpointHandlerMapping$OperationHandler.handle(javax.servlet.http.HttpServletRequest,java.util.Map<java.lang.String, java.lang.String>)
2018-07-12 16:13:01.839  INFO 2260 --- [main] s.b.a.e.w.s.WebMvcEndpointHandlerMapping : Mapped "{[/actuator/info],methods=[GET],produces=[application/vnd.spring-boot.actuator.v2+json || application/json]}" onto public java.lang.Object org.springframework.boot.actuate.endpoint.web.servlet.AbstractWebMvcEndpointHandlerMapping$OperationHandler.handle(javax.servlet.http.HttpServletRequest,java.util.Map<java.lang.String, java.lang.String>)
2018-07-12 16:13:01.840  INFO 2260 --- [main] s.b.a.e.w.s.WebMvcEndpointHandlerMapping : Mapped "{[/actuator],methods=[GET],produces=[application/vnd.spring-boot.actuator.v2+json || application/json]}" onto protected java.util.Map<java.lang.String, java.util.Map<java.lang.String, org.springframework.boot.actuate.endpoint.web.Link>> org.springframework.boot.actuate.endpoint.web.servlet.WebMvcEndpointHandlerMapping.links(javax.servlet.http.HttpServletRequest,javax.servlet.http.HttpServletResponse)
2018-07-12 16:13:01.885  INFO 2260 --- [main] o.s.j.e.a.AnnotationMBeanExporter        : Registering beans for JMX exposure on startup
2018-07-12 16:13:01.892  INFO 2260 --- [main] o.s.j.e.a.AnnotationMBeanExporter        : Bean with name 'environmentManager' has been autodetected for JMX exposure
2018-07-12 16:13:01.893  INFO 2260 --- [main] o.s.j.e.a.AnnotationMBeanExporter        : Bean with name 'refreshScope' has been autodetected for JMX exposure
2018-07-12 16:13:01.894  INFO 2260 --- [main] o.s.j.e.a.AnnotationMBeanExporter        : Bean with name 'configurationPropertiesRebinder' has been autodetected for JMX exposure
2018-07-12 16:13:01.896  INFO 2260 --- [main] o.s.j.e.a.AnnotationMBeanExporter        : Located managed bean 'environmentManager': registering with JMX server as MBean [org.springframework.cloud.context.environment:name=environmentManager,type=EnvironmentManager]
2018-07-12 16:13:01.903  INFO 2260 --- [main] o.s.j.e.a.AnnotationMBeanExporter        : Located managed bean 'refreshScope': registering with JMX server as MBean [org.springframework.cloud.context.scope.refresh:name=refreshScope,type=RefreshScope]
2018-07-12 16:13:01.910  INFO 2260 --- [main] o.s.j.e.a.AnnotationMBeanExporter        : Located managed bean 'configurationPropertiesRebinder': registering with JMX server as MBean [org.springframework.cloud.context.properties:name=configurationPropertiesRebinder,context=40317ba2,type=ConfigurationPropertiesRebinder]
2018-07-12 16:13:01.919  INFO 2260 --- [main] o.s.c.support.DefaultLifecycleProcessor  : Starting beans in phase 0
2018-07-12 16:13:01.927  INFO 2260 --- [main] o.s.c.n.eureka.InstanceInfoFactory       : Setting initial instance status as: STARTING
2018-07-12 16:13:01.971  INFO 2260 --- [main] com.netflix.discovery.DiscoveryClient    : Initializing Eureka in region us-east-1
2018-07-12 16:13:02.280  INFO 2260 --- [main] c.n.d.provider.DiscoveryJerseyProvider   : Using JSON encoding codec LegacyJacksonJson
2018-07-12 16:13:02.280  INFO 2260 --- [main] c.n.d.provider.DiscoveryJerseyProvider   : Using JSON decoding codec LegacyJacksonJson
2018-07-12 16:13:02.407  INFO 2260 --- [main] c.n.d.provider.DiscoveryJerseyProvider   : Using XML encoding codec XStreamXml
2018-07-12 16:13:02.407  INFO 2260 --- [main] c.n.d.provider.DiscoveryJerseyProvider   : Using XML decoding codec XStreamXml
2018-07-12 16:13:02.546  INFO 2260 --- [main] c.n.d.s.r.aws.ConfigClusterResolver      : Resolving eureka endpoints via configuration
2018-07-12 16:13:02.694  INFO 2260 --- [main] com.netflix.discovery.DiscoveryClient    : Disable delta property : false
2018-07-12 16:13:02.694  INFO 2260 --- [main] com.netflix.discovery.DiscoveryClient    : Single vip registry refresh property : null
2018-07-12 16:13:02.695  INFO 2260 --- [main] com.netflix.discovery.DiscoveryClient    : Force full registry fetch : false
2018-07-12 16:13:02.695  INFO 2260 --- [main] com.netflix.discovery.DiscoveryClient    : Application is null : false
2018-07-12 16:13:02.695  INFO 2260 --- [main] com.netflix.discovery.DiscoveryClient    : Registered Applications size is zero : true
2018-07-12 16:13:02.695  INFO 2260 --- [main] com.netflix.discovery.DiscoveryClient    : Application version is -1: true
2018-07-12 16:13:02.695  INFO 2260 --- [main] com.netflix.discovery.DiscoveryClient    : Getting all instance registry info from the eureka server
2018-07-12 16:13:02.838  INFO 2260 --- [main] com.netflix.discovery.DiscoveryClient    : The response status is 200
2018-07-12 16:13:02.841  INFO 2260 --- [main] com.netflix.discovery.DiscoveryClient    : Starting heartbeat executor: renew interval is: 30
2018-07-12 16:13:02.843  INFO 2260 --- [main] c.n.discovery.InstanceInfoReplicator     : InstanceInfoReplicator onDemand update allowed rate per min is 4
2018-07-12 16:13:02.847  INFO 2260 --- [main] com.netflix.discovery.DiscoveryClient    : Discovery Client initialized at timestamp 1531401182846 with initial instances count: 1
2018-07-12 16:13:02.850  INFO 2260 --- [main] o.s.c.n.e.s.EurekaServiceRegistry        : Registering application kampanyalar-service with eureka with status UP
2018-07-12 16:13:02.851  INFO 2260 --- [main] com.netflix.discovery.DiscoveryClient    : Saw local status change event StatusChangeEvent [timestamp=1531401182851, current=UP, previous=STARTING]
2018-07-12 16:13:02.852  INFO 2260 --- [DiscoveryClient-InstanceInfoReplicator-0] com.netflix.discovery.DiscoveryClient    : DiscoveryClient_KAMPANYALAR-SERVICE/localhost:kampanyalar-service:8097: registering service...
2018-07-12 16:13:02.883  INFO 2260 --- [DiscoveryClient-InstanceInfoReplicator-0] com.netflix.discovery.DiscoveryClient    : DiscoveryClient_KAMPANYALAR-SERVICE/localhost:kampanyalar-service:8097 - registration status: 204
2018-07-12 16:13:02.892  INFO 2260 --- [main] o.s.b.w.embedded.tomcat.TomcatWebServer  : Tomcat started on port(s): 8097 (http) with context path ''
2018-07-12 16:13:02.893  INFO 2260 --- [main] .s.c.n.e.s.EurekaAutoServiceRegistration : Updating port to 8097
2018-07-12 16:13:02.896  INFO 2260 --- [main] com.yaz.KampanyaServiceApplication       : Started KampanyaServiceApplication in 10.337 seconds (JVM running for 11.007)
2018-07-12 16:13:56.985  INFO 2260 --- [http-nio-8097-exec-1] o.a.c.c.C.[Tomcat].[localhost].[/]       : Initializing Spring FrameworkServlet 'dispatcherServlet'
2018-07-12 16:13:56.985  INFO 2260 --- [http-nio-8097-exec-1] o.s.web.servlet.DispatcherServlet        : FrameworkServlet 'dispatcherServlet': initialization started
2018-07-12 16:13:57.003  INFO 2260 --- [http-nio-8097-exec-1] o.s.web.servlet.DispatcherServlet        : FrameworkServlet 'dispatcherServlet': initialization completed in 18 ms
2018-07-12 16:18:02.697  INFO 2260 --- [AsyncResolver-bootstrap-executor-0] c.n.d.s.r.aws.ConfigClusterResolver      : Resolving eureka endpoints via configuration
2018-07-12 16:22:15.969  INFO 2260 --- [RMI TCP Connection(2)-127.0.0.1] inMXBeanRegistrar$SpringApplicationAdmin : Application shutdown requested.
2018-07-12 16:22:15.970  INFO 2260 --- [RMI TCP Connection(2)-127.0.0.1] ConfigServletWebServerApplicationContext : Closing org.springframework.boot.web.servlet.context.AnnotationConfigServletWebServerApplicationContext@40317ba2: startup date [Thu Jul 12 16:12:55 EET 2018]; parent: org.springframework.context.annotation.AnnotationConfigApplicationContext@1aafa419
2018-07-12 16:22:15.970  INFO 2260 --- [RMI TCP Connection(2)-127.0.0.1] o.s.c.n.e.s.EurekaServiceRegistry        : Unregistering application kampanyalar-service with eureka with status DOWN
2018-07-12 16:22:15.970  WARN 2260 --- [RMI TCP Connection(2)-127.0.0.1] com.netflix.discovery.DiscoveryClient    : Saw local status change event StatusChangeEvent [timestamp=1531401735970, current=DOWN, previous=UP]
2018-07-12 16:22:15.971  INFO 2260 --- [DiscoveryClient-InstanceInfoReplicator-0] com.netflix.discovery.DiscoveryClient    : DiscoveryClient_KAMPANYALAR-SERVICE/localhost:kampanyalar-service:8097: registering service...
2018-07-12 16:22:15.973  INFO 2260 --- [RMI TCP Connection(2)-127.0.0.1] o.s.c.support.DefaultLifecycleProcessor  : Stopping beans in phase 0
2018-07-12 16:22:15.974  INFO 2260 --- [RMI TCP Connection(2)-127.0.0.1] o.s.j.e.a.AnnotationMBeanExporter        : Unregistering JMX-exposed beans on shutdown
2018-07-12 16:22:15.975  INFO 2260 --- [RMI TCP Connection(2)-127.0.0.1] o.s.j.e.a.AnnotationMBeanExporter        : Unregistering JMX-exposed beans
2018-07-12 16:22:15.976  INFO 2260 --- [DiscoveryClient-InstanceInfoReplicator-0] com.netflix.discovery.DiscoveryClient    : DiscoveryClient_KAMPANYALAR-SERVICE/localhost:kampanyalar-service:8097 - registration status: 204
2018-07-12 16:22:15.978  INFO 2260 --- [RMI TCP Connection(2)-127.0.0.1] com.netflix.discovery.DiscoveryClient    : Shutting down DiscoveryClient ...
2018-07-12 16:22:18.987  INFO 2260 --- [RMI TCP Connection(2)-127.0.0.1] com.netflix.discovery.DiscoveryClient    : Unregistering ...
2018-07-12 16:22:18.992  INFO 2260 --- [RMI TCP Connection(2)-127.0.0.1] com.netflix.discovery.DiscoveryClient    : DiscoveryClient_KAMPANYALAR-SERVICE/localhost:kampanyalar-service:8097 - deregister  status: 200
2018-07-12 16:22:19.001  INFO 2260 --- [RMI TCP Connection(2)-127.0.0.1] com.netflix.discovery.DiscoveryClient    : Completed shut down of DiscoveryClient
2018-07-12 16:22:19.160  INFO 2260 --- [RMI TCP Connection(2)-127.0.0.1] o.apache.catalina.core.StandardService   : Stopping service [Tomcat]
2018-07-12 16:22:19.164  INFO 2260 --- [localhost-startStop-2] o.a.c.c.C.[Tomcat].[localhost].[/]       : Destroying Spring FrameworkServlet 'dispatcherServlet'
