2018-07-12 14:08:22.075  INFO 5668 --- [main] com.yaz.HesapServiceApplication          : No active profile set, falling back to default profiles: default
2018-07-12 14:08:22.089  INFO 5668 --- [main] ConfigServletWebServerApplicationContext : Refreshing org.springframework.boot.web.servlet.context.AnnotationConfigServletWebServerApplicationContext@418c5a9c: startup date [Thu Jul 12 14:08:22 EET 2018]; parent: org.springframework.context.annotation.AnnotationConfigApplicationContext@5fe94a96
2018-07-12 14:08:22.877  INFO 5668 --- [main] o.s.cloud.context.scope.GenericScope     : BeanFactory id=6f52d7c1-0d7e-3e94-94c3-71bdb64dc3f4
2018-07-12 14:08:22.891  INFO 5668 --- [main] f.a.AutowiredAnnotationBeanPostProcessor : JSR-330 'javax.inject.Inject' annotation found and supported for autowiring
2018-07-12 14:08:22.941  INFO 5668 --- [main] trationDelegate$BeanPostProcessorChecker : Bean 'org.springframework.cloud.autoconfigure.ConfigurationPropertiesRebinderAutoConfiguration' of type [org.springframework.cloud.autoconfigure.ConfigurationPropertiesRebinderAutoConfiguration$$EnhancerBySpringCGLIB$$644f7312] is not eligible for getting processed by all BeanPostProcessors (for example: not eligible for auto-proxying)
2018-07-12 14:08:23.132  INFO 5668 --- [main] o.s.b.w.embedded.tomcat.TomcatWebServer  : Tomcat initialized with port(s): 8098 (http)
2018-07-12 14:08:23.153  INFO 5668 --- [main] o.apache.catalina.core.StandardService   : Starting service [Tomcat]
2018-07-12 14:08:23.153  INFO 5668 --- [main] org.apache.catalina.core.StandardEngine  : Starting Servlet Engine: Apache Tomcat/8.5.31
2018-07-12 14:08:23.157  INFO 5668 --- [localhost-startStop-1] o.a.catalina.core.AprLifecycleListener   : The APR based Apache Tomcat Native library which allows optimal performance in production environments was not found on the java.library.path: [C:\Program Files\Java\jre1.8.0_171\bin;C:\WINDOWS\Sun\Java\bin;C:\WINDOWS\system32;C:\WINDOWS;C:/Program Files/Java/jre1.8.0_171/bin/server;C:/Program Files/Java/jre1.8.0_171/bin;C:/Program Files/Java/jre1.8.0_171/lib/amd64;C:\Program Files\Docker\Docker\Resources\bin;C:\Program Files (x86)\Common Files\Oracle\Java\javapath;C:\ProgramData\Oracle\Java\javapath;C:\Windows\system32;C:\Windows;C:\Windows\System32\Wbem;C:\Windows\System32\WindowsPowerShell\v1.0\;C:\Program Files (x86)\NVIDIA Corporation\PhysX\Common;C:\Program Files (x86)\Windows Kits\10\Windows Performance Toolkit\;C:\WINDOWS\system32;C:\WINDOWS;C:\WINDOWS\System32\Wbem;C:\WINDOWS\System32\WindowsPowerShell\v1.0\;D:\Code_Blocks\GCC\bin;D:\Downloads\Setups\Putty\;D:\Matlab\bin;C:\WINDOWS\System32\OpenSSH\;C:\ProgramData\chocolatey\bin;C:\Program Files (x86)\MySQL\MySQL Utilities 1.6\;D:\Program Files\Git\cmd;C:\Users\Alptekin\AppData\Local\Microsoft\WindowsApps;;D:\Program Files\Microsoft VS Code\bin;D:\Programs\SPRIN TOOL SUITE(STS)\sts-bundle\sts-3.9.4.RELEASE;;.]
2018-07-12 14:08:23.279  INFO 5668 --- [localhost-startStop-1] o.a.c.c.C.[Tomcat].[localhost].[/]       : Initializing Spring embedded WebApplicationContext
2018-07-12 14:08:23.280  INFO 5668 --- [localhost-startStop-1] o.s.web.context.ContextLoader            : Root WebApplicationContext: initialization completed in 1191 ms
2018-07-12 14:08:23.488  WARN 5668 --- [localhost-startStop-1] c.n.c.sources.URLConfigurationSource     : No URLs will be polled as dynamic configuration sources.
2018-07-12 14:08:23.489  INFO 5668 --- [localhost-startStop-1] c.n.c.sources.URLConfigurationSource     : To enable URLs as dynamic configuration sources, define System property archaius.configurationSource.additionalUrls or make config.properties available on classpath.
2018-07-12 14:08:23.499  INFO 5668 --- [localhost-startStop-1] c.netflix.config.DynamicPropertyFactory  : DynamicPropertyFactory is initialized with configuration sources: com.netflix.config.ConcurrentCompositeConfiguration@604938be
2018-07-12 14:08:24.721  INFO 5668 --- [localhost-startStop-1] o.s.b.w.servlet.ServletRegistrationBean  : Servlet dispatcherServlet mapped to [/]
2018-07-12 14:08:24.722  INFO 5668 --- [localhost-startStop-1] o.s.b.w.servlet.ServletRegistrationBean  : Servlet webServlet mapped to [/h2-console/*]
2018-07-12 14:08:24.725  INFO 5668 --- [localhost-startStop-1] o.s.b.w.servlet.FilterRegistrationBean   : Mapping filter: 'characterEncodingFilter' to: [/*]
2018-07-12 14:08:24.725  INFO 5668 --- [localhost-startStop-1] o.s.b.w.servlet.FilterRegistrationBean   : Mapping filter: 'hiddenHttpMethodFilter' to: [/*]
2018-07-12 14:08:24.725  INFO 5668 --- [localhost-startStop-1] o.s.b.w.servlet.FilterRegistrationBean   : Mapping filter: 'httpPutFormContentFilter' to: [/*]
2018-07-12 14:08:24.725  INFO 5668 --- [localhost-startStop-1] o.s.b.w.servlet.FilterRegistrationBean   : Mapping filter: 'requestContextFilter' to: [/*]
2018-07-12 14:08:24.725  INFO 5668 --- [localhost-startStop-1] o.s.b.w.servlet.FilterRegistrationBean   : Mapping filter: 'httpTraceFilter' to: [/*]
2018-07-12 14:08:24.726  INFO 5668 --- [localhost-startStop-1] o.s.b.w.servlet.FilterRegistrationBean   : Mapping filter: 'webMvcMetricsFilter' to: [/*]
2018-07-12 14:08:24.772  WARN 5668 --- [main] c.n.c.sources.URLConfigurationSource     : No URLs will be polled as dynamic configuration sources.
2018-07-12 14:08:24.772  INFO 5668 --- [main] c.n.c.sources.URLConfigurationSource     : To enable URLs as dynamic configuration sources, define System property archaius.configurationSource.additionalUrls or make config.properties available on classpath.
2018-07-12 14:08:24.931  INFO 5668 --- [main] o.s.w.s.handler.SimpleUrlHandlerMapping  : Mapped URL path [/**/favicon.ico] onto handler of type [class org.springframework.web.servlet.resource.ResourceHttpRequestHandler]
2018-07-12 14:08:25.123  INFO 5668 --- [main] s.w.s.m.m.a.RequestMappingHandlerAdapter : Looking for @ControllerAdvice: org.springframework.boot.web.servlet.context.AnnotationConfigServletWebServerApplicationContext@418c5a9c: startup date [Thu Jul 12 14:08:22 EET 2018]; parent: org.springframework.context.annotation.AnnotationConfigApplicationContext@5fe94a96
2018-07-12 14:08:25.170  INFO 5668 --- [main] s.w.s.m.m.a.RequestMappingHandlerMapping : Mapped "{[/api/hesaplar],methods=[PUT]}" onto public com.yaz.HesapHareketi com.yaz.HesapRestController.updateHesap(com.yaz.HesapHareketi)
2018-07-12 14:08:25.171  INFO 5668 --- [main] s.w.s.m.m.a.RequestMappingHandlerMapping : Mapped "{[/api/hesaplar/{hesapId}],methods=[DELETE]}" onto public java.lang.String com.yaz.HesapRestController.deleteHesap(int)
2018-07-12 14:08:25.172  INFO 5668 --- [main] s.w.s.m.m.a.RequestMappingHandlerMapping : Mapped "{[/api/hesaplar],methods=[GET]}" onto public java.lang.Iterable<com.yaz.HesapHareketi> com.yaz.HesapRestController.getHesaplar()
2018-07-12 14:08:25.172  INFO 5668 --- [main] s.w.s.m.m.a.RequestMappingHandlerMapping : Mapped "{[/api/hesaplar],methods=[POST]}" onto public com.yaz.HesapHareketi com.yaz.HesapRestController.addHesap(com.yaz.HesapHareketi)
2018-07-12 14:08:25.175  INFO 5668 --- [main] s.w.s.m.m.a.RequestMappingHandlerMapping : Mapped "{[/error]}" onto public org.springframework.http.ResponseEntity<java.util.Map<java.lang.String, java.lang.Object>> org.springframework.boot.autoconfigure.web.servlet.error.BasicErrorController.error(javax.servlet.http.HttpServletRequest)
2018-07-12 14:08:25.175  INFO 5668 --- [main] s.w.s.m.m.a.RequestMappingHandlerMapping : Mapped "{[/error],produces=[text/html]}" onto public org.springframework.web.servlet.ModelAndView org.springframework.boot.autoconfigure.web.servlet.error.BasicErrorController.errorHtml(javax.servlet.http.HttpServletRequest,javax.servlet.http.HttpServletResponse)
2018-07-12 14:08:25.201  INFO 5668 --- [main] o.s.w.s.handler.SimpleUrlHandlerMapping  : Mapped URL path [/webjars/**] onto handler of type [class org.springframework.web.servlet.resource.ResourceHttpRequestHandler]
2018-07-12 14:08:25.201  INFO 5668 --- [main] o.s.w.s.handler.SimpleUrlHandlerMapping  : Mapped URL path [/**] onto handler of type [class org.springframework.web.servlet.resource.ResourceHttpRequestHandler]
2018-07-12 14:08:25.217  INFO 5668 --- [main] .m.m.a.ExceptionHandlerExceptionResolver : Detected @ExceptionHandler methods in hesapRestExceptionHandler
2018-07-12 14:08:25.250  WARN 5668 --- [main] ion$DefaultTemplateResolverConfiguration : Cannot find template location: classpath:/templates/ (please add some templates or check your Thymeleaf configuration)
2018-07-12 14:08:25.662  WARN 5668 --- [main] arterDeprecationWarningAutoConfiguration : spring-cloud-starter-eureka is deprecated as of Spring Cloud Netflix 1.4.0, please migrate to spring-cloud-starter-netflix-eureka
2018-07-12 14:08:25.670  INFO 5668 --- [main] o.s.b.a.e.web.EndpointLinksResolver      : Exposing 2 endpoint(s) beneath base path '/actuator'
2018-07-12 14:08:25.678  INFO 5668 --- [main] s.b.a.e.w.s.WebMvcEndpointHandlerMapping : Mapped "{[/actuator/health],methods=[GET],produces=[application/vnd.spring-boot.actuator.v2+json || application/json]}" onto public java.lang.Object org.springframework.boot.actuate.endpoint.web.servlet.AbstractWebMvcEndpointHandlerMapping$OperationHandler.handle(javax.servlet.http.HttpServletRequest,java.util.Map<java.lang.String, java.lang.String>)
2018-07-12 14:08:25.680  INFO 5668 --- [main] s.b.a.e.w.s.WebMvcEndpointHandlerMapping : Mapped "{[/actuator/info],methods=[GET],produces=[application/vnd.spring-boot.actuator.v2+json || application/json]}" onto public java.lang.Object org.springframework.boot.actuate.endpoint.web.servlet.AbstractWebMvcEndpointHandlerMapping$OperationHandler.handle(javax.servlet.http.HttpServletRequest,java.util.Map<java.lang.String, java.lang.String>)
2018-07-12 14:08:25.680  INFO 5668 --- [main] s.b.a.e.w.s.WebMvcEndpointHandlerMapping : Mapped "{[/actuator],methods=[GET],produces=[application/vnd.spring-boot.actuator.v2+json || application/json]}" onto protected java.util.Map<java.lang.String, java.util.Map<java.lang.String, org.springframework.boot.actuate.endpoint.web.Link>> org.springframework.boot.actuate.endpoint.web.servlet.WebMvcEndpointHandlerMapping.links(javax.servlet.http.HttpServletRequest,javax.servlet.http.HttpServletResponse)
2018-07-12 14:08:25.721  INFO 5668 --- [main] o.s.j.e.a.AnnotationMBeanExporter        : Registering beans for JMX exposure on startup
2018-07-12 14:08:25.728  INFO 5668 --- [main] o.s.j.e.a.AnnotationMBeanExporter        : Bean with name 'environmentManager' has been autodetected for JMX exposure
2018-07-12 14:08:25.730  INFO 5668 --- [main] o.s.j.e.a.AnnotationMBeanExporter        : Bean with name 'refreshScope' has been autodetected for JMX exposure
2018-07-12 14:08:25.730  INFO 5668 --- [main] o.s.j.e.a.AnnotationMBeanExporter        : Bean with name 'configurationPropertiesRebinder' has been autodetected for JMX exposure
2018-07-12 14:08:25.733  INFO 5668 --- [main] o.s.j.e.a.AnnotationMBeanExporter        : Located managed bean 'environmentManager': registering with JMX server as MBean [org.springframework.cloud.context.environment:name=environmentManager,type=EnvironmentManager]
2018-07-12 14:08:25.740  INFO 5668 --- [main] o.s.j.e.a.AnnotationMBeanExporter        : Located managed bean 'refreshScope': registering with JMX server as MBean [org.springframework.cloud.context.scope.refresh:name=refreshScope,type=RefreshScope]
2018-07-12 14:08:25.747  INFO 5668 --- [main] o.s.j.e.a.AnnotationMBeanExporter        : Located managed bean 'configurationPropertiesRebinder': registering with JMX server as MBean [org.springframework.cloud.context.properties:name=configurationPropertiesRebinder,context=418c5a9c,type=ConfigurationPropertiesRebinder]
2018-07-12 14:08:25.755  INFO 5668 --- [main] o.s.c.support.DefaultLifecycleProcessor  : Starting beans in phase 0
2018-07-12 14:08:25.761  INFO 5668 --- [main] o.s.c.n.eureka.InstanceInfoFactory       : Setting initial instance status as: STARTING
2018-07-12 14:08:25.792  INFO 5668 --- [main] com.netflix.discovery.DiscoveryClient    : Initializing Eureka in region us-east-1
2018-07-12 14:08:26.100  INFO 5668 --- [main] c.n.d.provider.DiscoveryJerseyProvider   : Using JSON encoding codec LegacyJacksonJson
2018-07-12 14:08:26.100  INFO 5668 --- [main] c.n.d.provider.DiscoveryJerseyProvider   : Using JSON decoding codec LegacyJacksonJson
2018-07-12 14:08:26.192  INFO 5668 --- [main] c.n.d.provider.DiscoveryJerseyProvider   : Using XML encoding codec XStreamXml
2018-07-12 14:08:26.192  INFO 5668 --- [main] c.n.d.provider.DiscoveryJerseyProvider   : Using XML decoding codec XStreamXml
2018-07-12 14:08:26.328  INFO 5668 --- [main] c.n.d.s.r.aws.ConfigClusterResolver      : Resolving eureka endpoints via configuration
2018-07-12 14:08:26.495  INFO 5668 --- [main] com.netflix.discovery.DiscoveryClient    : Disable delta property : false
2018-07-12 14:08:26.495  INFO 5668 --- [main] com.netflix.discovery.DiscoveryClient    : Single vip registry refresh property : null
2018-07-12 14:08:26.495  INFO 5668 --- [main] com.netflix.discovery.DiscoveryClient    : Force full registry fetch : false
2018-07-12 14:08:26.495  INFO 5668 --- [main] com.netflix.discovery.DiscoveryClient    : Application is null : false
2018-07-12 14:08:26.495  INFO 5668 --- [main] com.netflix.discovery.DiscoveryClient    : Registered Applications size is zero : true
2018-07-12 14:08:26.495  INFO 5668 --- [main] com.netflix.discovery.DiscoveryClient    : Application version is -1: true
2018-07-12 14:08:26.495  INFO 5668 --- [main] com.netflix.discovery.DiscoveryClient    : Getting all instance registry info from the eureka server
2018-07-12 14:08:26.632  INFO 5668 --- [main] com.netflix.discovery.DiscoveryClient    : The response status is 200
2018-07-12 14:08:26.635  INFO 5668 --- [main] com.netflix.discovery.DiscoveryClient    : Starting heartbeat executor: renew interval is: 30
2018-07-12 14:08:26.637  INFO 5668 --- [main] c.n.discovery.InstanceInfoReplicator     : InstanceInfoReplicator onDemand update allowed rate per min is 4
2018-07-12 14:08:26.640  INFO 5668 --- [main] com.netflix.discovery.DiscoveryClient    : Discovery Client initialized at timestamp 1531393706639 with initial instances count: 1
2018-07-12 14:08:26.643  INFO 5668 --- [main] o.s.c.n.e.s.EurekaServiceRegistry        : Registering application hesap-service with eureka with status UP
2018-07-12 14:08:26.644  INFO 5668 --- [main] com.netflix.discovery.DiscoveryClient    : Saw local status change event StatusChangeEvent [timestamp=1531393706644, current=UP, previous=STARTING]
2018-07-12 14:08:26.646  INFO 5668 --- [DiscoveryClient-InstanceInfoReplicator-0] com.netflix.discovery.DiscoveryClient    : DiscoveryClient_HESAP-SERVICE/DESKTOP-MQDF91L:hesap-service:8098: registering service...
2018-07-12 14:08:26.681  INFO 5668 --- [DiscoveryClient-InstanceInfoReplicator-0] com.netflix.discovery.DiscoveryClient    : DiscoveryClient_HESAP-SERVICE/DESKTOP-MQDF91L:hesap-service:8098 - registration status: 204
2018-07-12 14:08:26.687  INFO 5668 --- [main] o.s.b.w.embedded.tomcat.TomcatWebServer  : Tomcat started on port(s): 8098 (http) with context path ''
2018-07-12 14:08:26.688  INFO 5668 --- [main] .s.c.n.e.s.EurekaAutoServiceRegistration : Updating port to 8098
2018-07-12 14:08:26.690  INFO 5668 --- [main] com.yaz.HesapServiceApplication          : Started HesapServiceApplication in 5.928 seconds (JVM running for 6.577)
2018-07-12 14:09:48.609  INFO 5668 --- [http-nio-8098-exec-1] o.a.c.c.C.[Tomcat].[localhost].[/]       : Initializing Spring FrameworkServlet 'dispatcherServlet'
2018-07-12 14:09:48.609  INFO 5668 --- [http-nio-8098-exec-1] o.s.web.servlet.DispatcherServlet        : FrameworkServlet 'dispatcherServlet': initialization started
2018-07-12 14:09:48.627  INFO 5668 --- [http-nio-8098-exec-1] o.s.web.servlet.DispatcherServlet        : FrameworkServlet 'dispatcherServlet': initialization completed in 18 ms
2018-07-12 14:13:26.499  INFO 5668 --- [AsyncResolver-bootstrap-executor-0] c.n.d.s.r.aws.ConfigClusterResolver      : Resolving eureka endpoints via configuration
2018-07-12 14:18:26.501  INFO 5668 --- [AsyncResolver-bootstrap-executor-0] c.n.d.s.r.aws.ConfigClusterResolver      : Resolving eureka endpoints via configuration
2018-07-12 14:23:26.502  INFO 5668 --- [AsyncResolver-bootstrap-executor-0] c.n.d.s.r.aws.ConfigClusterResolver      : Resolving eureka endpoints via configuration
2018-07-12 14:28:26.504  INFO 5668 --- [AsyncResolver-bootstrap-executor-0] c.n.d.s.r.aws.ConfigClusterResolver      : Resolving eureka endpoints via configuration
2018-07-12 14:33:26.505  INFO 5668 --- [AsyncResolver-bootstrap-executor-0] c.n.d.s.r.aws.ConfigClusterResolver      : Resolving eureka endpoints via configuration
2018-07-12 14:38:26.507  INFO 5668 --- [AsyncResolver-bootstrap-executor-0] c.n.d.s.r.aws.ConfigClusterResolver      : Resolving eureka endpoints via configuration
2018-07-12 14:43:26.509  INFO 5668 --- [AsyncResolver-bootstrap-executor-0] c.n.d.s.r.aws.ConfigClusterResolver      : Resolving eureka endpoints via configuration
2018-07-12 14:47:02.224  INFO 5668 --- [RMI TCP Connection(2)-127.0.0.1] inMXBeanRegistrar$SpringApplicationAdmin : Application shutdown requested.
2018-07-12 14:47:02.225  INFO 5668 --- [RMI TCP Connection(2)-127.0.0.1] ConfigServletWebServerApplicationContext : Closing org.springframework.boot.web.servlet.context.AnnotationConfigServletWebServerApplicationContext@418c5a9c: startup date [Thu Jul 12 14:08:22 EET 2018]; parent: org.springframework.context.annotation.AnnotationConfigApplicationContext@5fe94a96
2018-07-12 14:47:02.226  INFO 5668 --- [RMI TCP Connection(2)-127.0.0.1] o.s.c.n.e.s.EurekaServiceRegistry        : Unregistering application hesap-service with eureka with status DOWN
2018-07-12 14:47:02.226  WARN 5668 --- [RMI TCP Connection(2)-127.0.0.1] com.netflix.discovery.DiscoveryClient    : Saw local status change event StatusChangeEvent [timestamp=1531396022226, current=DOWN, previous=UP]
2018-07-12 14:47:02.226  INFO 5668 --- [DiscoveryClient-InstanceInfoReplicator-0] com.netflix.discovery.DiscoveryClient    : DiscoveryClient_HESAP-SERVICE/DESKTOP-MQDF91L:hesap-service:8098: registering service...
2018-07-12 14:47:02.228  INFO 5668 --- [RMI TCP Connection(2)-127.0.0.1] o.s.c.support.DefaultLifecycleProcessor  : Stopping beans in phase 0
2018-07-12 14:47:02.229  INFO 5668 --- [RMI TCP Connection(2)-127.0.0.1] o.s.j.e.a.AnnotationMBeanExporter        : Unregistering JMX-exposed beans on shutdown
2018-07-12 14:47:02.230  INFO 5668 --- [RMI TCP Connection(2)-127.0.0.1] o.s.j.e.a.AnnotationMBeanExporter        : Unregistering JMX-exposed beans
2018-07-12 14:47:02.232  INFO 5668 --- [RMI TCP Connection(2)-127.0.0.1] com.netflix.discovery.DiscoveryClient    : Shutting down DiscoveryClient ...
2018-07-12 14:47:04.256 ERROR 5668 --- [DiscoveryClient-InstanceInfoReplicator-0] c.n.d.s.t.d.RedirectingEurekaHttpClient  : Request execution error

com.sun.jersey.api.client.ClientHandlerException: java.net.ConnectException: Connection refused: connect
	at com.sun.jersey.client.apache4.ApacheHttpClient4Handler.handle(ApacheHttpClient4Handler.java:187) ~[jersey-apache-client4-1.19.1.jar:1.19.1]
	at com.sun.jersey.api.client.filter.GZIPContentEncodingFilter.handle(GZIPContentEncodingFilter.java:123) ~[jersey-client-1.19.1.jar:1.19.1]
	at com.netflix.discovery.EurekaIdentityHeaderFilter.handle(EurekaIdentityHeaderFilter.java:27) ~[eureka-client-1.9.2.jar:1.9.2]
	at com.sun.jersey.api.client.Client.handle(Client.java:652) ~[jersey-client-1.19.1.jar:1.19.1]
	at com.sun.jersey.api.client.WebResource.handle(WebResource.java:682) ~[jersey-client-1.19.1.jar:1.19.1]
	at com.sun.jersey.api.client.WebResource.access$200(WebResource.java:74) ~[jersey-client-1.19.1.jar:1.19.1]
	at com.sun.jersey.api.client.WebResource$Builder.post(WebResource.java:570) ~[jersey-client-1.19.1.jar:1.19.1]
	at com.netflix.discovery.shared.transport.jersey.AbstractJerseyEurekaHttpClient.register(AbstractJerseyEurekaHttpClient.java:56) ~[eureka-client-1.9.2.jar:1.9.2]
	at com.netflix.discovery.shared.transport.decorator.EurekaHttpClientDecorator$1.execute(EurekaHttpClientDecorator.java:59) [eureka-client-1.9.2.jar:1.9.2]
	at com.netflix.discovery.shared.transport.decorator.MetricsCollectingEurekaHttpClient.execute(MetricsCollectingEurekaHttpClient.java:73) ~[eureka-client-1.9.2.jar:1.9.2]
	at com.netflix.discovery.shared.transport.decorator.EurekaHttpClientDecorator.register(EurekaHttpClientDecorator.java:56) [eureka-client-1.9.2.jar:1.9.2]
	at com.netflix.discovery.shared.transport.decorator.EurekaHttpClientDecorator$1.execute(EurekaHttpClientDecorator.java:59) [eureka-client-1.9.2.jar:1.9.2]
	at com.netflix.discovery.shared.transport.decorator.RedirectingEurekaHttpClient.execute(RedirectingEurekaHttpClient.java:89) ~[eureka-client-1.9.2.jar:1.9.2]
	at com.netflix.discovery.shared.transport.decorator.EurekaHttpClientDecorator.register(EurekaHttpClientDecorator.java:56) [eureka-client-1.9.2.jar:1.9.2]
	at com.netflix.discovery.shared.transport.decorator.EurekaHttpClientDecorator$1.execute(EurekaHttpClientDecorator.java:59) [eureka-client-1.9.2.jar:1.9.2]
	at com.netflix.discovery.shared.transport.decorator.RetryableEurekaHttpClient.execute(RetryableEurekaHttpClient.java:120) [eureka-client-1.9.2.jar:1.9.2]
	at com.netflix.discovery.shared.transport.decorator.EurekaHttpClientDecorator.register(EurekaHttpClientDecorator.java:56) [eureka-client-1.9.2.jar:1.9.2]
	at com.netflix.discovery.shared.transport.decorator.EurekaHttpClientDecorator$1.execute(EurekaHttpClientDecorator.java:59) [eureka-client-1.9.2.jar:1.9.2]
	at com.netflix.discovery.shared.transport.decorator.SessionedEurekaHttpClient.execute(SessionedEurekaHttpClient.java:77) [eureka-client-1.9.2.jar:1.9.2]
	at com.netflix.discovery.shared.transport.decorator.EurekaHttpClientDecorator.register(EurekaHttpClientDecorator.java:56) [eureka-client-1.9.2.jar:1.9.2]
	at com.netflix.discovery.DiscoveryClient.register(DiscoveryClient.java:829) [eureka-client-1.9.2.jar:1.9.2]
	at com.netflix.discovery.InstanceInfoReplicator.run(InstanceInfoReplicator.java:121) [eureka-client-1.9.2.jar:1.9.2]
	at com.netflix.discovery.InstanceInfoReplicator$1.run(InstanceInfoReplicator.java:101) [eureka-client-1.9.2.jar:1.9.2]
	at java.util.concurrent.Executors$RunnableAdapter.call(Unknown Source) [na:1.8.0_171]
	at java.util.concurrent.FutureTask.run(Unknown Source) [na:1.8.0_171]
	at java.util.concurrent.ScheduledThreadPoolExecutor$ScheduledFutureTask.access$201(Unknown Source) [na:1.8.0_171]
	at java.util.concurrent.ScheduledThreadPoolExecutor$ScheduledFutureTask.run(Unknown Source) [na:1.8.0_171]
	at java.util.concurrent.ThreadPoolExecutor.runWorker(Unknown Source) [na:1.8.0_171]
	at java.util.concurrent.ThreadPoolExecutor$Worker.run(Unknown Source) [na:1.8.0_171]
	at java.lang.Thread.run(Unknown Source) [na:1.8.0_171]
Caused by: java.net.ConnectException: Connection refused: connect
	at java.net.DualStackPlainSocketImpl.waitForConnect(Native Method) ~[na:1.8.0_171]
	at java.net.DualStackPlainSocketImpl.socketConnect(Unknown Source) ~[na:1.8.0_171]
	at java.net.AbstractPlainSocketImpl.doConnect(Unknown Source) ~[na:1.8.0_171]
	at java.net.AbstractPlainSocketImpl.connectToAddress(Unknown Source) ~[na:1.8.0_171]
	at java.net.AbstractPlainSocketImpl.connect(Unknown Source) ~[na:1.8.0_171]
	at java.net.PlainSocketImpl.connect(Unknown Source) ~[na:1.8.0_171]
	at java.net.SocksSocketImpl.connect(Unknown Source) ~[na:1.8.0_171]
	at java.net.Socket.connect(Unknown Source) ~[na:1.8.0_171]
	at org.apache.http.conn.scheme.PlainSocketFactory.connectSocket(PlainSocketFactory.java:121) ~[httpclient-4.5.5.jar:4.5.5]
	at org.apache.http.impl.conn.DefaultClientConnectionOperator.openConnection(DefaultClientConnectionOperator.java:180) ~[httpclient-4.5.5.jar:4.5.5]
	at org.apache.http.impl.conn.AbstractPoolEntry.open(AbstractPoolEntry.java:144) ~[httpclient-4.5.5.jar:4.5.5]
	at org.apache.http.impl.conn.AbstractPooledConnAdapter.open(AbstractPooledConnAdapter.java:134) ~[httpclient-4.5.5.jar:4.5.5]
	at org.apache.http.impl.client.DefaultRequestDirector.tryConnect(DefaultRequestDirector.java:610) ~[httpclient-4.5.5.jar:4.5.5]
	at org.apache.http.impl.client.DefaultRequestDirector.execute(DefaultRequestDirector.java:445) ~[httpclient-4.5.5.jar:4.5.5]
	at org.apache.http.impl.client.AbstractHttpClient.doExecute(AbstractHttpClient.java:835) ~[httpclient-4.5.5.jar:4.5.5]
	at org.apache.http.impl.client.CloseableHttpClient.execute(CloseableHttpClient.java:118) ~[httpclient-4.5.5.jar:4.5.5]
	at org.apache.http.impl.client.CloseableHttpClient.execute(CloseableHttpClient.java:56) ~[httpclient-4.5.5.jar:4.5.5]
	at com.sun.jersey.client.apache4.ApacheHttpClient4Handler.handle(ApacheHttpClient4Handler.java:173) ~[jersey-apache-client4-1.19.1.jar:1.19.1]
	... 29 common frames omitted

2018-07-12 14:47:04.257  WARN 5668 --- [DiscoveryClient-InstanceInfoReplicator-0] c.n.d.s.t.d.RetryableEurekaHttpClient    : Request execution failed with message: java.net.ConnectException: Connection refused: connect
2018-07-12 14:47:05.233  INFO 5668 --- [RMI TCP Connection(2)-127.0.0.1] com.netflix.discovery.DiscoveryClient    : Unregistering ...
2018-07-12 14:47:06.270 ERROR 5668 --- [DiscoveryClient-InstanceInfoReplicator-0] c.n.d.s.t.d.RedirectingEurekaHttpClient  : Request execution error

com.sun.jersey.api.client.ClientHandlerException: java.net.ConnectException: Connection refused: connect
	at com.sun.jersey.client.apache4.ApacheHttpClient4Handler.handle(ApacheHttpClient4Handler.java:187) ~[jersey-apache-client4-1.19.1.jar:1.19.1]
	at com.sun.jersey.api.client.filter.GZIPContentEncodingFilter.handle(GZIPContentEncodingFilter.java:123) ~[jersey-client-1.19.1.jar:1.19.1]
	at com.netflix.discovery.EurekaIdentityHeaderFilter.handle(EurekaIdentityHeaderFilter.java:27) ~[eureka-client-1.9.2.jar:1.9.2]
	at com.sun.jersey.api.client.Client.handle(Client.java:652) ~[jersey-client-1.19.1.jar:1.19.1]
	at com.sun.jersey.api.client.WebResource.handle(WebResource.java:682) ~[jersey-client-1.19.1.jar:1.19.1]
	at com.sun.jersey.api.client.WebResource.access$200(WebResource.java:74) ~[jersey-client-1.19.1.jar:1.19.1]
	at com.sun.jersey.api.client.WebResource$Builder.post(WebResource.java:570) ~[jersey-client-1.19.1.jar:1.19.1]
	at com.netflix.discovery.shared.transport.jersey.AbstractJerseyEurekaHttpClient.register(AbstractJerseyEurekaHttpClient.java:56) ~[eureka-client-1.9.2.jar:1.9.2]
	at com.netflix.discovery.shared.transport.decorator.EurekaHttpClientDecorator$1.execute(EurekaHttpClientDecorator.java:59) [eureka-client-1.9.2.jar:1.9.2]
	at com.netflix.discovery.shared.transport.decorator.MetricsCollectingEurekaHttpClient.execute(MetricsCollectingEurekaHttpClient.java:73) ~[eureka-client-1.9.2.jar:1.9.2]
	at com.netflix.discovery.shared.transport.decorator.EurekaHttpClientDecorator.register(EurekaHttpClientDecorator.java:56) [eureka-client-1.9.2.jar:1.9.2]
	at com.netflix.discovery.shared.transport.decorator.EurekaHttpClientDecorator$1.execute(EurekaHttpClientDecorator.java:59) [eureka-client-1.9.2.jar:1.9.2]
	at com.netflix.discovery.shared.transport.decorator.RedirectingEurekaHttpClient.executeOnNewServer(RedirectingEurekaHttpClient.java:118) ~[eureka-client-1.9.2.jar:1.9.2]
	at com.netflix.discovery.shared.transport.decorator.RedirectingEurekaHttpClient.execute(RedirectingEurekaHttpClient.java:79) ~[eureka-client-1.9.2.jar:1.9.2]
	at com.netflix.discovery.shared.transport.decorator.EurekaHttpClientDecorator.register(EurekaHttpClientDecorator.java:56) [eureka-client-1.9.2.jar:1.9.2]
	at com.netflix.discovery.shared.transport.decorator.EurekaHttpClientDecorator$1.execute(EurekaHttpClientDecorator.java:59) [eureka-client-1.9.2.jar:1.9.2]
	at com.netflix.discovery.shared.transport.decorator.RetryableEurekaHttpClient.execute(RetryableEurekaHttpClient.java:120) [eureka-client-1.9.2.jar:1.9.2]
	at com.netflix.discovery.shared.transport.decorator.EurekaHttpClientDecorator.register(EurekaHttpClientDecorator.java:56) [eureka-client-1.9.2.jar:1.9.2]
	at com.netflix.discovery.shared.transport.decorator.EurekaHttpClientDecorator$1.execute(EurekaHttpClientDecorator.java:59) [eureka-client-1.9.2.jar:1.9.2]
	at com.netflix.discovery.shared.transport.decorator.SessionedEurekaHttpClient.execute(SessionedEurekaHttpClient.java:77) [eureka-client-1.9.2.jar:1.9.2]
	at com.netflix.discovery.shared.transport.decorator.EurekaHttpClientDecorator.register(EurekaHttpClientDecorator.java:56) [eureka-client-1.9.2.jar:1.9.2]
	at com.netflix.discovery.DiscoveryClient.register(DiscoveryClient.java:829) [eureka-client-1.9.2.jar:1.9.2]
	at com.netflix.discovery.InstanceInfoReplicator.run(InstanceInfoReplicator.java:121) [eureka-client-1.9.2.jar:1.9.2]
	at com.netflix.discovery.InstanceInfoReplicator$1.run(InstanceInfoReplicator.java:101) [eureka-client-1.9.2.jar:1.9.2]
	at java.util.concurrent.Executors$RunnableAdapter.call(Unknown Source) [na:1.8.0_171]
	at java.util.concurrent.FutureTask.run(Unknown Source) [na:1.8.0_171]
	at java.util.concurrent.ScheduledThreadPoolExecutor$ScheduledFutureTask.access$201(Unknown Source) [na:1.8.0_171]
	at java.util.concurrent.ScheduledThreadPoolExecutor$ScheduledFutureTask.run(Unknown Source) [na:1.8.0_171]
	at java.util.concurrent.ThreadPoolExecutor.runWorker(Unknown Source) [na:1.8.0_171]
	at java.util.concurrent.ThreadPoolExecutor$Worker.run(Unknown Source) [na:1.8.0_171]
	at java.lang.Thread.run(Unknown Source) [na:1.8.0_171]
Caused by: java.net.ConnectException: Connection refused: connect
	at java.net.DualStackPlainSocketImpl.waitForConnect(Native Method) ~[na:1.8.0_171]
	at java.net.DualStackPlainSocketImpl.socketConnect(Unknown Source) ~[na:1.8.0_171]
	at java.net.AbstractPlainSocketImpl.doConnect(Unknown Source) ~[na:1.8.0_171]
	at java.net.AbstractPlainSocketImpl.connectToAddress(Unknown Source) ~[na:1.8.0_171]
	at java.net.AbstractPlainSocketImpl.connect(Unknown Source) ~[na:1.8.0_171]
	at java.net.PlainSocketImpl.connect(Unknown Source) ~[na:1.8.0_171]
	at java.net.SocksSocketImpl.connect(Unknown Source) ~[na:1.8.0_171]
	at java.net.Socket.connect(Unknown Source) ~[na:1.8.0_171]
	at org.apache.http.conn.scheme.PlainSocketFactory.connectSocket(PlainSocketFactory.java:121) ~[httpclient-4.5.5.jar:4.5.5]
	at org.apache.http.impl.conn.DefaultClientConnectionOperator.openConnection(DefaultClientConnectionOperator.java:180) ~[httpclient-4.5.5.jar:4.5.5]
	at org.apache.http.impl.conn.AbstractPoolEntry.open(AbstractPoolEntry.java:144) ~[httpclient-4.5.5.jar:4.5.5]
	at org.apache.http.impl.conn.AbstractPooledConnAdapter.open(AbstractPooledConnAdapter.java:134) ~[httpclient-4.5.5.jar:4.5.5]
	at org.apache.http.impl.client.DefaultRequestDirector.tryConnect(DefaultRequestDirector.java:610) ~[httpclient-4.5.5.jar:4.5.5]
	at org.apache.http.impl.client.DefaultRequestDirector.execute(DefaultRequestDirector.java:445) ~[httpclient-4.5.5.jar:4.5.5]
	at org.apache.http.impl.client.AbstractHttpClient.doExecute(AbstractHttpClient.java:835) ~[httpclient-4.5.5.jar:4.5.5]
	at org.apache.http.impl.client.CloseableHttpClient.execute(CloseableHttpClient.java:118) ~[httpclient-4.5.5.jar:4.5.5]
	at org.apache.http.impl.client.CloseableHttpClient.execute(CloseableHttpClient.java:56) ~[httpclient-4.5.5.jar:4.5.5]
	at com.sun.jersey.client.apache4.ApacheHttpClient4Handler.handle(ApacheHttpClient4Handler.java:173) ~[jersey-apache-client4-1.19.1.jar:1.19.1]
	... 30 common frames omitted

2018-07-12 14:47:06.271  WARN 5668 --- [DiscoveryClient-InstanceInfoReplicator-0] c.n.d.s.t.d.RetryableEurekaHttpClient    : Request execution failed with message: java.net.ConnectException: Connection refused: connect
2018-07-12 14:47:06.273  WARN 5668 --- [DiscoveryClient-InstanceInfoReplicator-0] com.netflix.discovery.DiscoveryClient    : DiscoveryClient_HESAP-SERVICE/DESKTOP-MQDF91L:hesap-service:8098 - registration failed Cannot execute request on any known server

com.netflix.discovery.shared.transport.TransportException: Cannot execute request on any known server
	at com.netflix.discovery.shared.transport.decorator.RetryableEurekaHttpClient.execute(RetryableEurekaHttpClient.java:112) ~[eureka-client-1.9.2.jar:1.9.2]
	at com.netflix.discovery.shared.transport.decorator.EurekaHttpClientDecorator.register(EurekaHttpClientDecorator.java:56) ~[eureka-client-1.9.2.jar:1.9.2]
	at com.netflix.discovery.shared.transport.decorator.EurekaHttpClientDecorator$1.execute(EurekaHttpClientDecorator.java:59) ~[eureka-client-1.9.2.jar:1.9.2]
	at com.netflix.discovery.shared.transport.decorator.SessionedEurekaHttpClient.execute(SessionedEurekaHttpClient.java:77) ~[eureka-client-1.9.2.jar:1.9.2]
	at com.netflix.discovery.shared.transport.decorator.EurekaHttpClientDecorator.register(EurekaHttpClientDecorator.java:56) ~[eureka-client-1.9.2.jar:1.9.2]
	at com.netflix.discovery.DiscoveryClient.register(DiscoveryClient.java:829) ~[eureka-client-1.9.2.jar:1.9.2]
	at com.netflix.discovery.InstanceInfoReplicator.run(InstanceInfoReplicator.java:121) [eureka-client-1.9.2.jar:1.9.2]
	at com.netflix.discovery.InstanceInfoReplicator$1.run(InstanceInfoReplicator.java:101) [eureka-client-1.9.2.jar:1.9.2]
	at java.util.concurrent.Executors$RunnableAdapter.call(Unknown Source) [na:1.8.0_171]
	at java.util.concurrent.FutureTask.run(Unknown Source) [na:1.8.0_171]
	at java.util.concurrent.ScheduledThreadPoolExecutor$ScheduledFutureTask.access$201(Unknown Source) [na:1.8.0_171]
	at java.util.concurrent.ScheduledThreadPoolExecutor$ScheduledFutureTask.run(Unknown Source) [na:1.8.0_171]
	at java.util.concurrent.ThreadPoolExecutor.runWorker(Unknown Source) [na:1.8.0_171]
	at java.util.concurrent.ThreadPoolExecutor$Worker.run(Unknown Source) [na:1.8.0_171]
	at java.lang.Thread.run(Unknown Source) [na:1.8.0_171]

2018-07-12 14:47:06.274  WARN 5668 --- [DiscoveryClient-InstanceInfoReplicator-0] c.n.discovery.InstanceInfoReplicator     : There was a problem with the instance info replicator

com.netflix.discovery.shared.transport.TransportException: Cannot execute request on any known server
	at com.netflix.discovery.shared.transport.decorator.RetryableEurekaHttpClient.execute(RetryableEurekaHttpClient.java:112) ~[eureka-client-1.9.2.jar:1.9.2]
	at com.netflix.discovery.shared.transport.decorator.EurekaHttpClientDecorator.register(EurekaHttpClientDecorator.java:56) ~[eureka-client-1.9.2.jar:1.9.2]
	at com.netflix.discovery.shared.transport.decorator.EurekaHttpClientDecorator$1.execute(EurekaHttpClientDecorator.java:59) ~[eureka-client-1.9.2.jar:1.9.2]
	at com.netflix.discovery.shared.transport.decorator.SessionedEurekaHttpClient.execute(SessionedEurekaHttpClient.java:77) ~[eureka-client-1.9.2.jar:1.9.2]
	at com.netflix.discovery.shared.transport.decorator.EurekaHttpClientDecorator.register(EurekaHttpClientDecorator.java:56) ~[eureka-client-1.9.2.jar:1.9.2]
	at com.netflix.discovery.DiscoveryClient.register(DiscoveryClient.java:829) ~[eureka-client-1.9.2.jar:1.9.2]
	at com.netflix.discovery.InstanceInfoReplicator.run(InstanceInfoReplicator.java:121) ~[eureka-client-1.9.2.jar:1.9.2]
	at com.netflix.discovery.InstanceInfoReplicator$1.run(InstanceInfoReplicator.java:101) [eureka-client-1.9.2.jar:1.9.2]
	at java.util.concurrent.Executors$RunnableAdapter.call(Unknown Source) [na:1.8.0_171]
	at java.util.concurrent.FutureTask.run(Unknown Source) [na:1.8.0_171]
	at java.util.concurrent.ScheduledThreadPoolExecutor$ScheduledFutureTask.access$201(Unknown Source) [na:1.8.0_171]
	at java.util.concurrent.ScheduledThreadPoolExecutor$ScheduledFutureTask.run(Unknown Source) [na:1.8.0_171]
	at java.util.concurrent.ThreadPoolExecutor.runWorker(Unknown Source) [na:1.8.0_171]
	at java.util.concurrent.ThreadPoolExecutor$Worker.run(Unknown Source) [na:1.8.0_171]
	at java.lang.Thread.run(Unknown Source) [na:1.8.0_171]

2018-07-12 14:47:07.263 ERROR 5668 --- [RMI TCP Connection(2)-127.0.0.1] c.n.d.s.t.d.RedirectingEurekaHttpClient  : Request execution error

com.sun.jersey.api.client.ClientHandlerException: java.net.ConnectException: Connection refused: connect
	at com.sun.jersey.client.apache4.ApacheHttpClient4Handler.handle(ApacheHttpClient4Handler.java:187) ~[jersey-apache-client4-1.19.1.jar:1.19.1]
	at com.sun.jersey.api.client.filter.GZIPContentEncodingFilter.handle(GZIPContentEncodingFilter.java:123) ~[jersey-client-1.19.1.jar:1.19.1]
	at com.netflix.discovery.EurekaIdentityHeaderFilter.handle(EurekaIdentityHeaderFilter.java:27) ~[eureka-client-1.9.2.jar:1.9.2]
	at com.sun.jersey.api.client.Client.handle(Client.java:652) ~[jersey-client-1.19.1.jar:1.19.1]
	at com.sun.jersey.api.client.WebResource.handle(WebResource.java:682) ~[jersey-client-1.19.1.jar:1.19.1]
	at com.sun.jersey.api.client.WebResource.access$200(WebResource.java:74) ~[jersey-client-1.19.1.jar:1.19.1]
	at com.sun.jersey.api.client.WebResource$Builder.delete(WebResource.java:591) ~[jersey-client-1.19.1.jar:1.19.1]
	at com.netflix.discovery.shared.transport.jersey.AbstractJerseyEurekaHttpClient.cancel(AbstractJerseyEurekaHttpClient.java:76) ~[eureka-client-1.9.2.jar:1.9.2]
	at com.netflix.discovery.shared.transport.decorator.EurekaHttpClientDecorator$2.execute(EurekaHttpClientDecorator.java:74) [eureka-client-1.9.2.jar:1.9.2]
	at com.netflix.discovery.shared.transport.decorator.MetricsCollectingEurekaHttpClient.execute(MetricsCollectingEurekaHttpClient.java:73) ~[eureka-client-1.9.2.jar:1.9.2]
	at com.netflix.discovery.shared.transport.decorator.EurekaHttpClientDecorator.cancel(EurekaHttpClientDecorator.java:71) [eureka-client-1.9.2.jar:1.9.2]
	at com.netflix.discovery.shared.transport.decorator.EurekaHttpClientDecorator$2.execute(EurekaHttpClientDecorator.java:74) [eureka-client-1.9.2.jar:1.9.2]
	at com.netflix.discovery.shared.transport.decorator.RedirectingEurekaHttpClient.executeOnNewServer(RedirectingEurekaHttpClient.java:118) ~[eureka-client-1.9.2.jar:1.9.2]
	at com.netflix.discovery.shared.transport.decorator.RedirectingEurekaHttpClient.execute(RedirectingEurekaHttpClient.java:79) ~[eureka-client-1.9.2.jar:1.9.2]
	at com.netflix.discovery.shared.transport.decorator.EurekaHttpClientDecorator.cancel(EurekaHttpClientDecorator.java:71) [eureka-client-1.9.2.jar:1.9.2]
	at com.netflix.discovery.shared.transport.decorator.EurekaHttpClientDecorator$2.execute(EurekaHttpClientDecorator.java:74) [eureka-client-1.9.2.jar:1.9.2]
	at com.netflix.discovery.shared.transport.decorator.RetryableEurekaHttpClient.execute(RetryableEurekaHttpClient.java:120) [eureka-client-1.9.2.jar:1.9.2]
	at com.netflix.discovery.shared.transport.decorator.EurekaHttpClientDecorator.cancel(EurekaHttpClientDecorator.java:71) [eureka-client-1.9.2.jar:1.9.2]
	at com.netflix.discovery.shared.transport.decorator.EurekaHttpClientDecorator$2.execute(EurekaHttpClientDecorator.java:74) [eureka-client-1.9.2.jar:1.9.2]
	at com.netflix.discovery.shared.transport.decorator.SessionedEurekaHttpClient.execute(SessionedEurekaHttpClient.java:77) [eureka-client-1.9.2.jar:1.9.2]
	at com.netflix.discovery.shared.transport.decorator.EurekaHttpClientDecorator.cancel(EurekaHttpClientDecorator.java:71) [eureka-client-1.9.2.jar:1.9.2]
	at com.netflix.discovery.DiscoveryClient.unregister(DiscoveryClient.java:923) [eureka-client-1.9.2.jar:1.9.2]
	at com.netflix.discovery.DiscoveryClient.shutdown(DiscoveryClient.java:901) [eureka-client-1.9.2.jar:1.9.2]
	at sun.reflect.NativeMethodAccessorImpl.invoke0(Native Method) ~[na:1.8.0_171]
	at sun.reflect.NativeMethodAccessorImpl.invoke(Unknown Source) ~[na:1.8.0_171]
	at sun.reflect.DelegatingMethodAccessorImpl.invoke(Unknown Source) ~[na:1.8.0_171]
	at java.lang.reflect.Method.invoke(Unknown Source) ~[na:1.8.0_171]
	at org.springframework.util.ReflectionUtils.invokeMethod(ReflectionUtils.java:223) [spring-core-5.0.7.RELEASE.jar:5.0.7.RELEASE]
	at org.springframework.cloud.context.scope.GenericScope$LockedScopedProxyFactoryBean.invoke(GenericScope.java:494) [spring-cloud-context-2.0.0.RELEASE.jar:2.0.0.RELEASE]
	at org.springframework.aop.framework.ReflectiveMethodInvocation.proceed(ReflectiveMethodInvocation.java:185) [spring-aop-5.0.7.RELEASE.jar:5.0.7.RELEASE]
	at org.springframework.aop.framework.JdkDynamicAopProxy.invoke(JdkDynamicAopProxy.java:212) [spring-aop-5.0.7.RELEASE.jar:5.0.7.RELEASE]
	at com.sun.proxy.$Proxy96.shutdown(Unknown Source) [na:na]
	at org.springframework.cloud.netflix.eureka.serviceregistry.EurekaRegistration.close(EurekaRegistration.java:207) [spring-cloud-netflix-eureka-client-2.0.0.RELEASE.jar:2.0.0.RELEASE]
	at sun.reflect.NativeMethodAccessorImpl.invoke0(Native Method) ~[na:1.8.0_171]
	at sun.reflect.NativeMethodAccessorImpl.invoke(Unknown Source) ~[na:1.8.0_171]
	at sun.reflect.DelegatingMethodAccessorImpl.invoke(Unknown Source) ~[na:1.8.0_171]
	at java.lang.reflect.Method.invoke(Unknown Source) ~[na:1.8.0_171]
	at org.springframework.beans.factory.support.DisposableBeanAdapter.invokeCustomDestroyMethod(DisposableBeanAdapter.java:337) [spring-beans-5.0.7.RELEASE.jar:5.0.7.RELEASE]
	at org.springframework.beans.factory.support.DisposableBeanAdapter.destroy(DisposableBeanAdapter.java:271) [spring-beans-5.0.7.RELEASE.jar:5.0.7.RELEASE]
	at org.springframework.beans.factory.support.DefaultSingletonBeanRegistry.destroyBean(DefaultSingletonBeanRegistry.java:571) [spring-beans-5.0.7.RELEASE.jar:5.0.7.RELEASE]
	at org.springframework.beans.factory.support.DefaultSingletonBeanRegistry.destroySingleton(DefaultSingletonBeanRegistry.java:543) [spring-beans-5.0.7.RELEASE.jar:5.0.7.RELEASE]
	at org.springframework.beans.factory.support.DefaultListableBeanFactory.destroySingleton(DefaultListableBeanFactory.java:957) [spring-beans-5.0.7.RELEASE.jar:5.0.7.RELEASE]
	at org.springframework.beans.factory.support.DefaultSingletonBeanRegistry.destroySingletons(DefaultSingletonBeanRegistry.java:504) [spring-beans-5.0.7.RELEASE.jar:5.0.7.RELEASE]
	at org.springframework.beans.factory.support.DefaultListableBeanFactory.destroySingletons(DefaultListableBeanFactory.java:964) [spring-beans-5.0.7.RELEASE.jar:5.0.7.RELEASE]
	at org.springframework.context.support.AbstractApplicationContext.destroyBeans(AbstractApplicationContext.java:1041) [spring-context-5.0.7.RELEASE.jar:5.0.7.RELEASE]
	at org.springframework.context.support.AbstractApplicationContext.doClose(AbstractApplicationContext.java:1017) [spring-context-5.0.7.RELEASE.jar:5.0.7.RELEASE]
	at org.springframework.context.support.AbstractApplicationContext.close(AbstractApplicationContext.java:967) [spring-context-5.0.7.RELEASE.jar:5.0.7.RELEASE]
	at org.springframework.boot.admin.SpringApplicationAdminMXBeanRegistrar$SpringApplicationAdmin.shutdown(SpringApplicationAdminMXBeanRegistrar.java:133) [spring-boot-2.0.3.RELEASE.jar:2.0.3.RELEASE]
	at sun.reflect.NativeMethodAccessorImpl.invoke0(Native Method) ~[na:1.8.0_171]
	at sun.reflect.NativeMethodAccessorImpl.invoke(Unknown Source) ~[na:1.8.0_171]
	at sun.reflect.DelegatingMethodAccessorImpl.invoke(Unknown Source) ~[na:1.8.0_171]
	at java.lang.reflect.Method.invoke(Unknown Source) ~[na:1.8.0_171]
	at sun.reflect.misc.Trampoline.invoke(Unknown Source) [na:1.8.0_171]
	at sun.reflect.NativeMethodAccessorImpl.invoke0(Native Method) ~[na:1.8.0_171]
	at sun.reflect.NativeMethodAccessorImpl.invoke(Unknown Source) ~[na:1.8.0_171]
	at sun.reflect.DelegatingMethodAccessorImpl.invoke(Unknown Source) ~[na:1.8.0_171]
	at java.lang.reflect.Method.invoke(Unknown Source) ~[na:1.8.0_171]
	at sun.reflect.misc.MethodUtil.invoke(Unknown Source) [na:1.8.0_171]
	at com.sun.jmx.mbeanserver.ConvertingMethod.invokeWithOpenReturn(Unknown Source) [na:1.8.0_171]
	at com.sun.jmx.mbeanserver.ConvertingMethod.invokeWithOpenReturn(Unknown Source) [na:1.8.0_171]
	at com.sun.jmx.mbeanserver.MXBeanIntrospector.invokeM2(Unknown Source) [na:1.8.0_171]
	at com.sun.jmx.mbeanserver.MXBeanIntrospector.invokeM2(Unknown Source) [na:1.8.0_171]
	at com.sun.jmx.mbeanserver.MBeanIntrospector.invokeM(Unknown Source) [na:1.8.0_171]
	at com.sun.jmx.mbeanserver.PerInterface.invoke(Unknown Source) [na:1.8.0_171]
	at com.sun.jmx.mbeanserver.MBeanSupport.invoke(Unknown Source) [na:1.8.0_171]
	at com.sun.jmx.interceptor.DefaultMBeanServerInterceptor.invoke(Unknown Source) [na:1.8.0_171]
	at com.sun.jmx.mbeanserver.JmxMBeanServer.invoke(Unknown Source) [na:1.8.0_171]
	at javax.management.remote.rmi.RMIConnectionImpl.doOperation(Unknown Source) [na:1.8.0_171]
	at javax.management.remote.rmi.RMIConnectionImpl.access$300(Unknown Source) [na:1.8.0_171]
	at javax.management.remote.rmi.RMIConnectionImpl$PrivilegedOperation.run(Unknown Source) [na:1.8.0_171]
	at javax.management.remote.rmi.RMIConnectionImpl.doPrivilegedOperation(Unknown Source) [na:1.8.0_171]
	at javax.management.remote.rmi.RMIConnectionImpl.invoke(Unknown Source) [na:1.8.0_171]
	at sun.reflect.NativeMethodAccessorImpl.invoke0(Native Method) ~[na:1.8.0_171]
	at sun.reflect.NativeMethodAccessorImpl.invoke(Unknown Source) ~[na:1.8.0_171]
	at sun.reflect.DelegatingMethodAccessorImpl.invoke(Unknown Source) ~[na:1.8.0_171]
	at java.lang.reflect.Method.invoke(Unknown Source) ~[na:1.8.0_171]
	at sun.rmi.server.UnicastServerRef.dispatch(Unknown Source) [na:1.8.0_171]
	at sun.rmi.transport.Transport$1.run(Unknown Source) [na:1.8.0_171]
	at sun.rmi.transport.Transport$1.run(Unknown Source) [na:1.8.0_171]
	at java.security.AccessController.doPrivileged(Native Method) [na:1.8.0_171]
	at sun.rmi.transport.Transport.serviceCall(Unknown Source) [na:1.8.0_171]
	at sun.rmi.transport.tcp.TCPTransport.handleMessages(Unknown Source) [na:1.8.0_171]
	at sun.rmi.transport.tcp.TCPTransport$ConnectionHandler.run0(Unknown Source) [na:1.8.0_171]
	at sun.rmi.transport.tcp.TCPTransport$ConnectionHandler.lambda$run$0(Unknown Source) [na:1.8.0_171]
	at java.security.AccessController.doPrivileged(Native Method) [na:1.8.0_171]
	at sun.rmi.transport.tcp.TCPTransport$ConnectionHandler.run(Unknown Source) [na:1.8.0_171]
	at java.util.concurrent.ThreadPoolExecutor.runWorker(Unknown Source) ~[na:1.8.0_171]
	at java.util.concurrent.ThreadPoolExecutor$Worker.run(Unknown Source) ~[na:1.8.0_171]
	at java.lang.Thread.run(Unknown Source) ~[na:1.8.0_171]
Caused by: java.net.ConnectException: Connection refused: connect
	at java.net.DualStackPlainSocketImpl.waitForConnect(Native Method) ~[na:1.8.0_171]
	at java.net.DualStackPlainSocketImpl.socketConnect(Unknown Source) ~[na:1.8.0_171]
	at java.net.AbstractPlainSocketImpl.doConnect(Unknown Source) ~[na:1.8.0_171]
	at java.net.AbstractPlainSocketImpl.connectToAddress(Unknown Source) ~[na:1.8.0_171]
	at java.net.AbstractPlainSocketImpl.connect(Unknown Source) ~[na:1.8.0_171]
	at java.net.PlainSocketImpl.connect(Unknown Source) ~[na:1.8.0_171]
	at java.net.SocksSocketImpl.connect(Unknown Source) ~[na:1.8.0_171]
	at java.net.Socket.connect(Unknown Source) ~[na:1.8.0_171]
	at org.apache.http.conn.scheme.PlainSocketFactory.connectSocket(PlainSocketFactory.java:121) ~[httpclient-4.5.5.jar:4.5.5]
	at org.apache.http.impl.conn.DefaultClientConnectionOperator.openConnection(DefaultClientConnectionOperator.java:180) ~[httpclient-4.5.5.jar:4.5.5]
	at org.apache.http.impl.conn.AbstractPoolEntry.open(AbstractPoolEntry.java:144) ~[httpclient-4.5.5.jar:4.5.5]
	at org.apache.http.impl.conn.AbstractPooledConnAdapter.open(AbstractPooledConnAdapter.java:134) ~[httpclient-4.5.5.jar:4.5.5]
	at org.apache.http.impl.client.DefaultRequestDirector.tryConnect(DefaultRequestDirector.java:610) ~[httpclient-4.5.5.jar:4.5.5]
	at org.apache.http.impl.client.DefaultRequestDirector.execute(DefaultRequestDirector.java:445) ~[httpclient-4.5.5.jar:4.5.5]
	at org.apache.http.impl.client.AbstractHttpClient.doExecute(AbstractHttpClient.java:835) ~[httpclient-4.5.5.jar:4.5.5]
	at org.apache.http.impl.client.CloseableHttpClient.execute(CloseableHttpClient.java:118) ~[httpclient-4.5.5.jar:4.5.5]
	at org.apache.http.impl.client.CloseableHttpClient.execute(CloseableHttpClient.java:56) ~[httpclient-4.5.5.jar:4.5.5]
	at com.sun.jersey.client.apache4.ApacheHttpClient4Handler.handle(ApacheHttpClient4Handler.java:173) ~[jersey-apache-client4-1.19.1.jar:1.19.1]
	... 88 common frames omitted

2018-07-12 14:47:07.264  WARN 5668 --- [RMI TCP Connection(2)-127.0.0.1] c.n.d.s.t.d.RetryableEurekaHttpClient    : Request execution failed with message: java.net.ConnectException: Connection refused: connect
2018-07-12 14:47:07.265 ERROR 5668 --- [RMI TCP Connection(2)-127.0.0.1] com.netflix.discovery.DiscoveryClient    : DiscoveryClient_HESAP-SERVICE/DESKTOP-MQDF91L:hesap-service:8098 - de-registration failedCannot execute request on any known server

com.netflix.discovery.shared.transport.TransportException: Cannot execute request on any known server
	at com.netflix.discovery.shared.transport.decorator.RetryableEurekaHttpClient.execute(RetryableEurekaHttpClient.java:112) ~[eureka-client-1.9.2.jar:1.9.2]
	at com.netflix.discovery.shared.transport.decorator.EurekaHttpClientDecorator.cancel(EurekaHttpClientDecorator.java:71) ~[eureka-client-1.9.2.jar:1.9.2]
	at com.netflix.discovery.shared.transport.decorator.EurekaHttpClientDecorator$2.execute(EurekaHttpClientDecorator.java:74) ~[eureka-client-1.9.2.jar:1.9.2]
	at com.netflix.discovery.shared.transport.decorator.SessionedEurekaHttpClient.execute(SessionedEurekaHttpClient.java:77) ~[eureka-client-1.9.2.jar:1.9.2]
	at com.netflix.discovery.shared.transport.decorator.EurekaHttpClientDecorator.cancel(EurekaHttpClientDecorator.java:71) ~[eureka-client-1.9.2.jar:1.9.2]
	at com.netflix.discovery.DiscoveryClient.unregister(DiscoveryClient.java:923) [eureka-client-1.9.2.jar:1.9.2]
	at com.netflix.discovery.DiscoveryClient.shutdown(DiscoveryClient.java:901) [eureka-client-1.9.2.jar:1.9.2]
	at sun.reflect.NativeMethodAccessorImpl.invoke0(Native Method) ~[na:1.8.0_171]
	at sun.reflect.NativeMethodAccessorImpl.invoke(Unknown Source) ~[na:1.8.0_171]
	at sun.reflect.DelegatingMethodAccessorImpl.invoke(Unknown Source) ~[na:1.8.0_171]
	at java.lang.reflect.Method.invoke(Unknown Source) ~[na:1.8.0_171]
	at org.springframework.util.ReflectionUtils.invokeMethod(ReflectionUtils.java:223) [spring-core-5.0.7.RELEASE.jar:5.0.7.RELEASE]
	at org.springframework.cloud.context.scope.GenericScope$LockedScopedProxyFactoryBean.invoke(GenericScope.java:494) [spring-cloud-context-2.0.0.RELEASE.jar:2.0.0.RELEASE]
	at org.springframework.aop.framework.ReflectiveMethodInvocation.proceed(ReflectiveMethodInvocation.java:185) [spring-aop-5.0.7.RELEASE.jar:5.0.7.RELEASE]
	at org.springframework.aop.framework.JdkDynamicAopProxy.invoke(JdkDynamicAopProxy.java:212) [spring-aop-5.0.7.RELEASE.jar:5.0.7.RELEASE]
	at com.sun.proxy.$Proxy96.shutdown(Unknown Source) [na:na]
	at org.springframework.cloud.netflix.eureka.serviceregistry.EurekaRegistration.close(EurekaRegistration.java:207) [spring-cloud-netflix-eureka-client-2.0.0.RELEASE.jar:2.0.0.RELEASE]
	at sun.reflect.NativeMethodAccessorImpl.invoke0(Native Method) ~[na:1.8.0_171]
	at sun.reflect.NativeMethodAccessorImpl.invoke(Unknown Source) ~[na:1.8.0_171]
	at sun.reflect.DelegatingMethodAccessorImpl.invoke(Unknown Source) ~[na:1.8.0_171]
	at java.lang.reflect.Method.invoke(Unknown Source) ~[na:1.8.0_171]
	at org.springframework.beans.factory.support.DisposableBeanAdapter.invokeCustomDestroyMethod(DisposableBeanAdapter.java:337) [spring-beans-5.0.7.RELEASE.jar:5.0.7.RELEASE]
	at org.springframework.beans.factory.support.DisposableBeanAdapter.destroy(DisposableBeanAdapter.java:271) [spring-beans-5.0.7.RELEASE.jar:5.0.7.RELEASE]
	at org.springframework.beans.factory.support.DefaultSingletonBeanRegistry.destroyBean(DefaultSingletonBeanRegistry.java:571) [spring-beans-5.0.7.RELEASE.jar:5.0.7.RELEASE]
	at org.springframework.beans.factory.support.DefaultSingletonBeanRegistry.destroySingleton(DefaultSingletonBeanRegistry.java:543) [spring-beans-5.0.7.RELEASE.jar:5.0.7.RELEASE]
	at org.springframework.beans.factory.support.DefaultListableBeanFactory.destroySingleton(DefaultListableBeanFactory.java:957) [spring-beans-5.0.7.RELEASE.jar:5.0.7.RELEASE]
	at org.springframework.beans.factory.support.DefaultSingletonBeanRegistry.destroySingletons(DefaultSingletonBeanRegistry.java:504) [spring-beans-5.0.7.RELEASE.jar:5.0.7.RELEASE]
	at org.springframework.beans.factory.support.DefaultListableBeanFactory.destroySingletons(DefaultListableBeanFactory.java:964) [spring-beans-5.0.7.RELEASE.jar:5.0.7.RELEASE]
	at org.springframework.context.support.AbstractApplicationContext.destroyBeans(AbstractApplicationContext.java:1041) [spring-context-5.0.7.RELEASE.jar:5.0.7.RELEASE]
	at org.springframework.context.support.AbstractApplicationContext.doClose(AbstractApplicationContext.java:1017) [spring-context-5.0.7.RELEASE.jar:5.0.7.RELEASE]
	at org.springframework.context.support.AbstractApplicationContext.close(AbstractApplicationContext.java:967) [spring-context-5.0.7.RELEASE.jar:5.0.7.RELEASE]
	at org.springframework.boot.admin.SpringApplicationAdminMXBeanRegistrar$SpringApplicationAdmin.shutdown(SpringApplicationAdminMXBeanRegistrar.java:133) [spring-boot-2.0.3.RELEASE.jar:2.0.3.RELEASE]
	at sun.reflect.NativeMethodAccessorImpl.invoke0(Native Method) ~[na:1.8.0_171]
	at sun.reflect.NativeMethodAccessorImpl.invoke(Unknown Source) ~[na:1.8.0_171]
	at sun.reflect.DelegatingMethodAccessorImpl.invoke(Unknown Source) ~[na:1.8.0_171]
	at java.lang.reflect.Method.invoke(Unknown Source) ~[na:1.8.0_171]
	at sun.reflect.misc.Trampoline.invoke(Unknown Source) [na:1.8.0_171]
	at sun.reflect.NativeMethodAccessorImpl.invoke0(Native Method) ~[na:1.8.0_171]
	at sun.reflect.NativeMethodAccessorImpl.invoke(Unknown Source) ~[na:1.8.0_171]
	at sun.reflect.DelegatingMethodAccessorImpl.invoke(Unknown Source) ~[na:1.8.0_171]
	at java.lang.reflect.Method.invoke(Unknown Source) ~[na:1.8.0_171]
	at sun.reflect.misc.MethodUtil.invoke(Unknown Source) [na:1.8.0_171]
	at com.sun.jmx.mbeanserver.ConvertingMethod.invokeWithOpenReturn(Unknown Source) [na:1.8.0_171]
	at com.sun.jmx.mbeanserver.ConvertingMethod.invokeWithOpenReturn(Unknown Source) [na:1.8.0_171]
	at com.sun.jmx.mbeanserver.MXBeanIntrospector.invokeM2(Unknown Source) [na:1.8.0_171]
	at com.sun.jmx.mbeanserver.MXBeanIntrospector.invokeM2(Unknown Source) [na:1.8.0_171]
	at com.sun.jmx.mbeanserver.MBeanIntrospector.invokeM(Unknown Source) [na:1.8.0_171]
	at com.sun.jmx.mbeanserver.PerInterface.invoke(Unknown Source) [na:1.8.0_171]
	at com.sun.jmx.mbeanserver.MBeanSupport.invoke(Unknown Source) [na:1.8.0_171]
	at com.sun.jmx.interceptor.DefaultMBeanServerInterceptor.invoke(Unknown Source) [na:1.8.0_171]
	at com.sun.jmx.mbeanserver.JmxMBeanServer.invoke(Unknown Source) [na:1.8.0_171]
	at javax.management.remote.rmi.RMIConnectionImpl.doOperation(Unknown Source) [na:1.8.0_171]
	at javax.management.remote.rmi.RMIConnectionImpl.access$300(Unknown Source) [na:1.8.0_171]
	at javax.management.remote.rmi.RMIConnectionImpl$PrivilegedOperation.run(Unknown Source) [na:1.8.0_171]
	at javax.management.remote.rmi.RMIConnectionImpl.doPrivilegedOperation(Unknown Source) [na:1.8.0_171]
	at javax.management.remote.rmi.RMIConnectionImpl.invoke(Unknown Source) [na:1.8.0_171]
	at sun.reflect.NativeMethodAccessorImpl.invoke0(Native Method) ~[na:1.8.0_171]
	at sun.reflect.NativeMethodAccessorImpl.invoke(Unknown Source) ~[na:1.8.0_171]
	at sun.reflect.DelegatingMethodAccessorImpl.invoke(Unknown Source) ~[na:1.8.0_171]
	at java.lang.reflect.Method.invoke(Unknown Source) ~[na:1.8.0_171]
	at sun.rmi.server.UnicastServerRef.dispatch(Unknown Source) [na:1.8.0_171]
	at sun.rmi.transport.Transport$1.run(Unknown Source) [na:1.8.0_171]
	at sun.rmi.transport.Transport$1.run(Unknown Source) [na:1.8.0_171]
	at java.security.AccessController.doPrivileged(Native Method) [na:1.8.0_171]
	at sun.rmi.transport.Transport.serviceCall(Unknown Source) [na:1.8.0_171]
	at sun.rmi.transport.tcp.TCPTransport.handleMessages(Unknown Source) [na:1.8.0_171]
	at sun.rmi.transport.tcp.TCPTransport$ConnectionHandler.run0(Unknown Source) [na:1.8.0_171]
	at sun.rmi.transport.tcp.TCPTransport$ConnectionHandler.lambda$run$0(Unknown Source) [na:1.8.0_171]
	at java.security.AccessController.doPrivileged(Native Method) [na:1.8.0_171]
	at sun.rmi.transport.tcp.TCPTransport$ConnectionHandler.run(Unknown Source) [na:1.8.0_171]
	at java.util.concurrent.ThreadPoolExecutor.runWorker(Unknown Source) ~[na:1.8.0_171]
	at java.util.concurrent.ThreadPoolExecutor$Worker.run(Unknown Source) ~[na:1.8.0_171]
	at java.lang.Thread.run(Unknown Source) ~[na:1.8.0_171]

2018-07-12 14:47:07.274  INFO 5668 --- [RMI TCP Connection(2)-127.0.0.1] com.netflix.discovery.DiscoveryClient    : Completed shut down of DiscoveryClient
2018-07-12 14:47:07.451  INFO 5668 --- [RMI TCP Connection(2)-127.0.0.1] o.apache.catalina.core.StandardService   : Stopping service [Tomcat]
2018-07-12 14:47:07.454  INFO 5668 --- [localhost-startStop-2] o.a.c.c.C.[Tomcat].[localhost].[/]       : Destroying Spring FrameworkServlet 'dispatcherServlet'
